Using pre-set license
Built from '2021.3/staging' branch; Version is '2021.3.18f1 (3129e69bc0c7) revision 3221990'; Using compiler version '192829333'; Build Type 'Release'
OS: 'Windows 11  (10.0.22000) 64bit Core' Language: 'en' Physical Memory: 16088 MB
BatchMode: 1, IsHumanControllingUs: 0, StartBugReporterOnCrash: 0, Is64bit: 1, IsPro: 1

COMMAND LINE ARGUMENTS:
C:\Program Files\Unity\Hub\Editor\2021.3.18f1\Editor\Unity.exe
-adb2
-batchMode
-noUpm
-name
AssetImportWorker15
-projectPath
C:/Users/joell/OneDrive/Desktop/ISA GIT/ISA/ISA Project
-logFile
Logs/AssetImportWorker15.log
-srvPort
60524
Successfully changed project path to: C:/Users/joell/OneDrive/Desktop/ISA GIT/ISA/ISA Project
C:/Users/joell/OneDrive/Desktop/ISA GIT/ISA/ISA Project
[UnityMemory] Configuration Parameters - Can be set up in boot.config
    "memorysetup-bucket-allocator-granularity=16"
    "memorysetup-bucket-allocator-bucket-count=8"
    "memorysetup-bucket-allocator-block-size=33554432"
    "memorysetup-bucket-allocator-block-count=8"
    "memorysetup-main-allocator-block-size=16777216"
    "memorysetup-thread-allocator-block-size=16777216"
    "memorysetup-gfx-main-allocator-block-size=16777216"
    "memorysetup-gfx-thread-allocator-block-size=16777216"
    "memorysetup-cache-allocator-block-size=4194304"
    "memorysetup-typetree-allocator-block-size=2097152"
    "memorysetup-profiler-bucket-allocator-granularity=16"
    "memorysetup-profiler-bucket-allocator-bucket-count=8"
    "memorysetup-profiler-bucket-allocator-block-size=33554432"
    "memorysetup-profiler-bucket-allocator-block-count=8"
    "memorysetup-profiler-allocator-block-size=16777216"
    "memorysetup-profiler-editor-allocator-block-size=1048576"
    "memorysetup-temp-allocator-size-main=16777216"
    "memorysetup-job-temp-allocator-block-size=2097152"
    "memorysetup-job-temp-allocator-block-size-background=1048576"
    "memorysetup-job-temp-allocator-reduction-small-platforms=262144"
    "memorysetup-temp-allocator-size-background-worker=32768"
    "memorysetup-temp-allocator-size-job-worker=262144"
    "memorysetup-temp-allocator-size-preload-manager=33554432"
    "memorysetup-temp-allocator-size-nav-mesh-worker=65536"
    "memorysetup-temp-allocator-size-audio-worker=65536"
    "memorysetup-temp-allocator-size-cloud-worker=32768"
    "memorysetup-temp-allocator-size-gi-baking-worker=262144"
    "memorysetup-temp-allocator-size-gfx=262144"
Player connection [22136] Host "[IP] 192.168.178.206 [Port] 0 [Flags] 2 [Guid] 1871359277 [EditorId] 1871359277 [Version] 1048832 [Id] WindowsEditor(7,MSI) [Debug] 1 [PackageName] WindowsEditor [ProjectName] Editor" joined multi-casting on [225.0.0.222:54997]...

Player connection [22136] Host "[IP] 192.168.178.206 [Port] 0 [Flags] 2 [Guid] 1871359277 [EditorId] 1871359277 [Version] 1048832 [Id] WindowsEditor(7,MSI) [Debug] 1 [PackageName] WindowsEditor [ProjectName] Editor" joined alternative multi-casting on [225.0.0.222:34997]...

Refreshing native plugins compatible for Editor in 49.46 ms, found 3 plugins.
Preloading 0 native plugins for Editor in 0.00 ms.
Initialize engine version: 2021.3.18f1 (3129e69bc0c7)
[Subsystems] Discovering subsystems at path C:/Program Files/Unity/Hub/Editor/2021.3.18f1/Editor/Data/Resources/UnitySubsystems
[Subsystems] Discovering subsystems at path C:/Users/joell/OneDrive/Desktop/ISA GIT/ISA/ISA Project/Assets
GfxDevice: creating device client; threaded=0; jobified=0
Direct3D:
    Version:  Direct3D 11.0 [level 11.1]
    Renderer: NVIDIA GeForce RTX 3070 Ti Laptop GPU (ID=0x24a0)
    Vendor:   NVIDIA
    VRAM:     8043 MB
    Driver:   30.0.15.1165
Initialize mono
Mono path[0] = 'C:/Program Files/Unity/Hub/Editor/2021.3.18f1/Editor/Data/Managed'
Mono path[1] = 'C:/Program Files/Unity/Hub/Editor/2021.3.18f1/Editor/Data/MonoBleedingEdge/lib/mono/unityjit-win32'
Mono config path = 'C:/Program Files/Unity/Hub/Editor/2021.3.18f1/Editor/Data/MonoBleedingEdge/etc'
Using monoOptions --debugger-agent=transport=dt_socket,embedding=1,server=y,suspend=n,address=127.0.0.1:56612
Begin MonoManager ReloadAssembly
Registering precompiled unity dll's ...
Register platform support module: C:/Program Files/Unity/Hub/Editor/2021.3.18f1/Editor/Data/PlaybackEngines/WindowsStandaloneSupport/UnityEditor.WindowsStandalone.Extensions.dll
Registered in 0.008219 seconds.
Native extension for WindowsStandalone target not found
Refreshing native plugins compatible for Editor in 49.50 ms, found 3 plugins.
Preloading 0 native plugins for Editor in 0.00 ms.
Mono: successfully reloaded assembly
- Completed reload, in  0.919 seconds
Domain Reload Profiling:
	ReloadAssembly (919ms)
		BeginReloadAssembly (230ms)
			ExecutionOrderSort (0ms)
			DisableScriptedObjects (0ms)
			BackupInstance (0ms)
			ReleaseScriptingObjects (0ms)
			CreateAndSetChildDomain (1ms)
		EndReloadAssembly (616ms)
			LoadAssemblies (230ms)
			RebuildTransferFunctionScriptingTraits (0ms)
			SetupTypeCache (70ms)
			ReleaseScriptCaches (0ms)
			RebuildScriptCaches (18ms)
			SetupLoadedEditorAssemblies (492ms)
				LogAssemblyErrors (0ms)
				InitializePlatformSupportModulesInManaged (5ms)
				SetLoadedEditorAssemblies (0ms)
				RefreshPlugins (50ms)
				BeforeProcessingInitializeOnLoad (1ms)
				ProcessInitializeOnLoadAttributes (102ms)
				ProcessInitializeOnLoadMethodAttributes (334ms)
				AfterProcessingInitializeOnLoad (0ms)
				EditorAssembliesLoaded (0ms)
			ExecutionOrderSort2 (0ms)
			AwakeInstancesAfterBackupRestoration (0ms)
Platform modules already initialized, skipping
Registering precompiled user dll's ...
Registered in 0.003187 seconds.
Begin MonoManager ReloadAssembly
Symbol file LoadedFromMemory doesn't match image C:\Users\joell\OneDrive\Desktop\ISA GIT\ISA\ISA Project\Library\PackageCache\com.unity.visualscripting@1.8.0\Editor\VisualScripting.Core\Dependencies\YamlDotNet\Unity.VisualScripting.YamlDotNet.dll
Symbol file LoadedFromMemory doesn't match image C:\Users\joell\OneDrive\Desktop\ISA GIT\ISA\ISA Project\Library\PackageCache\com.unity.visualscripting@1.8.0\Editor\VisualScripting.Core\Dependencies\DotNetZip\Unity.VisualScripting.IonicZip.dll
Native extension for WindowsStandalone target not found
Refreshing native plugins compatible for Editor in 0.39 ms, found 3 plugins.
Preloading 0 native plugins for Editor in 0.00 ms.
Mono: successfully reloaded assembly
- Completed reload, in  0.687 seconds
Domain Reload Profiling:
	ReloadAssembly (687ms)
		BeginReloadAssembly (80ms)
			ExecutionOrderSort (0ms)
			DisableScriptedObjects (4ms)
			BackupInstance (0ms)
			ReleaseScriptingObjects (0ms)
			CreateAndSetChildDomain (14ms)
		EndReloadAssembly (530ms)
			LoadAssemblies (89ms)
			RebuildTransferFunctionScriptingTraits (0ms)
			SetupTypeCache (168ms)
			ReleaseScriptCaches (0ms)
			RebuildScriptCaches (32ms)
			SetupLoadedEditorAssemblies (225ms)
				LogAssemblyErrors (0ms)
				InitializePlatformSupportModulesInManaged (3ms)
				SetLoadedEditorAssemblies (0ms)
				RefreshPlugins (0ms)
				BeforeProcessingInitializeOnLoad (48ms)
				ProcessInitializeOnLoadAttributes (157ms)
				ProcessInitializeOnLoadMethodAttributes (13ms)
				AfterProcessingInitializeOnLoad (3ms)
				EditorAssembliesLoaded (0ms)
			ExecutionOrderSort2 (0ms)
			AwakeInstancesAfterBackupRestoration (4ms)
Platform modules already initialized, skipping
========================================================================
Worker process is ready to serve import requests
Launched and connected shader compiler UnityShaderCompiler.exe after 0.04 seconds
Refreshing native plugins compatible for Editor in 0.55 ms, found 3 plugins.
Preloading 0 native plugins for Editor in 0.00 ms.
Unloading 3062 Unused Serialized files (Serialized files now loaded: 0)
Unloading 24 unused Assets / (114.8 KB). Loaded Objects now: 3550.
Memory consumption went from 122.2 MB to 122.1 MB.
Total: 2.212700 ms (FindLiveObjects: 0.173000 ms CreateObjectMapping: 0.078100 ms MarkObjects: 1.868500 ms  DeleteObjects: 0.092500 ms)

AssetImportParameters requested are different than current active one (requested -> active):
  custom:video-decoder-ogg-theora: a1e56fd34408186e4bbccfd4996cb3dc -> 
  custom:container-muxer-webm: aa71ff27fc2769a1b78a27578f13a17b -> 
  custom:container-demuxer-webm: 4f35f7cbe854078d1ac9338744f61a02 -> 
  custom:video-encoder-webm-vp8: eb34c28f22e8b96e1ab97ce403110664 -> 
  custom:audio-encoder-webm-vorbis: bf7c407c2cedff20999df2af8eb42d56 -> 
  custom:framework-win-MediaFoundation: 216162199b28c13a410421893ffa2e32 -> 
  custom:container-demuxer-ogg: 62fdf1f143b41e24485cea50d1cbac27 -> 
  custom:video-decoder-webm-vp8: 9c59270c3fd7afecdb556c50c9e8de78 -> 
  custom:audio-decoder-ogg-vorbis: bf7c407c2cedff20999df2af8eb42d56 -> 
========================================================================
Received Import Request.
  Time since last request: 818566.674094 seconds.
  path: Assets/Assets/Closet
  artifactKey: Guid(374992c65a2f53f4bade3543432698e2) Importer(815301076,1909f56bfc062723c751e8b465ee728b)
Start importing Assets/Assets/Closet using Guid(374992c65a2f53f4bade3543432698e2) Importer(815301076,1909f56bfc062723c751e8b465ee728b)  -> (artifact id: '0381185724da607b6e6e439882654003') in 0.013988 seconds 
========================================================================
Received Import Request.
  Time since last request: 294.572000 seconds.
  path: Assets/Assets/Closet/Source/Materials/2Seat_BaseColor.mat
  artifactKey: Guid(79764e7ca9884494cbe558b2bdb1d30b) Importer(815301076,1909f56bfc062723c751e8b465ee728b)
Start importing Assets/Assets/Closet/Source/Materials/2Seat_BaseColor.mat using Guid(79764e7ca9884494cbe558b2bdb1d30b) Importer(815301076,1909f56bfc062723c751e8b465ee728b)  -> (artifact id: '274fcf84e7dc0633774be4bb2b2c2392') in 0.162000 seconds 
========================================================================
Received Import Request.
  Time since last request: 0.000024 seconds.
  path: Assets/Assets/Closet/Source/Materials/fotel2_BaseColor.mat
  artifactKey: Guid(5f8bd68770af8084bad71e5e368e73d3) Importer(815301076,1909f56bfc062723c751e8b465ee728b)
Start importing Assets/Assets/Closet/Source/Materials/fotel2_BaseColor.mat using Guid(5f8bd68770af8084bad71e5e368e73d3) Importer(815301076,1909f56bfc062723c751e8b465ee728b)  -> (artifact id: 'e5bc3d99415e651a1279ce058785b996') in 0.041428 seconds 
========================================================================
Received Import Request.
  Time since last request: 0.000028 seconds.
  path: Assets/Assets/Closet/Source/Materials/3Seat2D_BaseColor.mat
  artifactKey: Guid(543b73a4ce5bf66408a57b3d0a721959) Importer(815301076,1909f56bfc062723c751e8b465ee728b)
Start importing Assets/Assets/Closet/Source/Materials/3Seat2D_BaseColor.mat using Guid(543b73a4ce5bf66408a57b3d0a721959) Importer(815301076,1909f56bfc062723c751e8b465ee728b)  -> (artifact id: 'a83793bb93a74a78d807af3ac61c83b9') in 0.031134 seconds 
========================================================================
Received Import Request.
  Time since last request: 0.000019 seconds.
  path: Assets/Assets/Closet/Source/Materials/3SeatDirt_BaseColor.mat
  artifactKey: Guid(efc342f7b2a0699478373355bfc9d9fe) Importer(815301076,1909f56bfc062723c751e8b465ee728b)
Start importing Assets/Assets/Closet/Source/Materials/3SeatDirt_BaseColor.mat using Guid(efc342f7b2a0699478373355bfc9d9fe) Importer(815301076,1909f56bfc062723c751e8b465ee728b)  -> (artifact id: 'dedfc4abdafec77de1713160ce2e96e1') in 0.022232 seconds 
========================================================================
Received Import Request.
  Time since last request: 0.000027 seconds.
  path: Assets/Assets/Closet/Source/Materials/Kom_BaseColor.mat
  artifactKey: Guid(50735be092ba0c449ae21a9c1a6195b8) Importer(815301076,1909f56bfc062723c751e8b465ee728b)
Start importing Assets/Assets/Closet/Source/Materials/Kom_BaseColor.mat using Guid(50735be092ba0c449ae21a9c1a6195b8) Importer(815301076,1909f56bfc062723c751e8b465ee728b)  -> (artifact id: '75f0eff3128a173bcaa93908c2ac6faa') in 0.032351 seconds 
========================================================================
Received Import Request.
  Time since last request: 0.000033 seconds.
  path: Assets/Assets/Closet/Source/Materials/3Seat2_BaseColor.mat
  artifactKey: Guid(53aa0875d11cc604a93539387bccc820) Importer(815301076,1909f56bfc062723c751e8b465ee728b)
Start importing Assets/Assets/Closet/Source/Materials/3Seat2_BaseColor.mat using Guid(53aa0875d11cc604a93539387bccc820) Importer(815301076,1909f56bfc062723c751e8b465ee728b)  -> (artifact id: '43dab82391922427d0a11deae1986b1d') in 0.037813 seconds 
========================================================================
Received Import Request.
  Time since last request: 0.000023 seconds.
  path: Assets/Assets/Closet/Source/Materials/komm2_BaseColor.mat
  artifactKey: Guid(331e08cdd401b9445adbabe2ad6b1da7) Importer(815301076,1909f56bfc062723c751e8b465ee728b)
Start importing Assets/Assets/Closet/Source/Materials/komm2_BaseColor.mat using Guid(331e08cdd401b9445adbabe2ad6b1da7) Importer(815301076,1909f56bfc062723c751e8b465ee728b)  -> (artifact id: '7922d090b2091aad6e4c1e41f48731ff') in 0.025102 seconds 
========================================================================
Received Import Request.
  Time since last request: 0.000028 seconds.
  path: Assets/Assets/Big Mirror/Material/Common/mat12.mat
  artifactKey: Guid(9c0c5ee5d9187ef468eb98fd73e4e132) Importer(815301076,1909f56bfc062723c751e8b465ee728b)
Start importing Assets/Assets/Big Mirror/Material/Common/mat12.mat using Guid(9c0c5ee5d9187ef468eb98fd73e4e132) Importer(815301076,1909f56bfc062723c751e8b465ee728b)  -> (artifact id: '973087bdd433d723a39a80d010cb799c') in 0.016659 seconds 
========================================================================
Received Import Request.
  Time since last request: 0.000022 seconds.
  path: Assets/Assets/Closet/Source/Materials/3Seat_BaseColor.mat
  artifactKey: Guid(e286cf7166a64d9449570f485ef91be8) Importer(815301076,1909f56bfc062723c751e8b465ee728b)
Start importing Assets/Assets/Closet/Source/Materials/3Seat_BaseColor.mat using Guid(e286cf7166a64d9449570f485ef91be8) Importer(815301076,1909f56bfc062723c751e8b465ee728b)  -> (artifact id: '1a82ffd20454d11bc9dd3cc4b2830982') in 0.029175 seconds 
========================================================================
Received Import Request.
  Time since last request: 1.065919 seconds.
  path: Assets/Assets/Big Mirror/Material/Common/matBackground.mat
  artifactKey: Guid(b96bb9d6beb78464eb4ba8ed88162447) Importer(815301076,1909f56bfc062723c751e8b465ee728b)
Start importing Assets/Assets/Big Mirror/Material/Common/matBackground.mat using Guid(b96bb9d6beb78464eb4ba8ed88162447) Importer(815301076,1909f56bfc062723c751e8b465ee728b)  -> (artifact id: '97b1f409d3153c4d67b2cf35f06b140e') in 0.015079 seconds 
========================================================================
Received Import Request.
  Time since last request: 0.000022 seconds.
  path: Assets/Assets/Big Mirror/Material/Common/matBaseMirroMask.mat
  artifactKey: Guid(ed03fc992436f9347bf2d45c1200570c) Importer(815301076,1909f56bfc062723c751e8b465ee728b)
Start importing Assets/Assets/Big Mirror/Material/Common/matBaseMirroMask.mat using Guid(ed03fc992436f9347bf2d45c1200570c) Importer(815301076,1909f56bfc062723c751e8b465ee728b)  -> (artifact id: 'bb19cb0fa2a58e44ef5d65ee72e30012') in 0.015318 seconds 
========================================================================
Received Import Request.
  Time since last request: 0.000023 seconds.
  path: Assets/Assets/Big Mirror/Material/Common/matFormula.mat
  artifactKey: Guid(c79ab5efbe2ff0046b80f684e46c710b) Importer(815301076,1909f56bfc062723c751e8b465ee728b)
Start importing Assets/Assets/Big Mirror/Material/Common/matFormula.mat using Guid(c79ab5efbe2ff0046b80f684e46c710b) Importer(815301076,1909f56bfc062723c751e8b465ee728b)  -> (artifact id: 'ab1fbb34ad06cd43627f713b5f70d7a7') in 0.012661 seconds 
========================================================================
Received Import Request.
  Time since last request: 0.000048 seconds.
  path: Assets/Assets/Big Mirror/Material/Common/matMirrorSupportBM.mat
  artifactKey: Guid(2b08f96a4fcf848409632d847eeaf2c3) Importer(815301076,1909f56bfc062723c751e8b465ee728b)
Start importing Assets/Assets/Big Mirror/Material/Common/matMirrorSupportBM.mat using Guid(2b08f96a4fcf848409632d847eeaf2c3) Importer(815301076,1909f56bfc062723c751e8b465ee728b)  -> (artifact id: 'a2fe592da9b56611706d8fd522e79c0f') in 0.029940 seconds 
========================================================================
Received Import Request.
  Time since last request: 0.863424 seconds.
  path: Assets/Assets/Big Mirror/Material/Common/matPyramid.mat
  artifactKey: Guid(12acf1ec558ea674f805e42208f62f37) Importer(815301076,1909f56bfc062723c751e8b465ee728b)
Start importing Assets/Assets/Big Mirror/Material/Common/matPyramid.mat using Guid(12acf1ec558ea674f805e42208f62f37) Importer(815301076,1909f56bfc062723c751e8b465ee728b)  -> (artifact id: '425c4da3c98507c80384b4be99beecc1') in 0.015994 seconds 
========================================================================
Received Import Request.
  Time since last request: 4.668355 seconds.
  path: Assets/Assets/Closet/Source/Materials/RoundTable_BaseColor.mat
  artifactKey: Guid(84f03d68c57127346aa3ebb3bb5c8009) Importer(815301076,1909f56bfc062723c751e8b465ee728b)
Start importing Assets/Assets/Closet/Source/Materials/RoundTable_BaseColor.mat using Guid(84f03d68c57127346aa3ebb3bb5c8009) Importer(815301076,1909f56bfc062723c751e8b465ee728b)  -> (artifact id: 'af6ea53401de116c65b957b131f40f1f') in 0.031281 seconds 
========================================================================
Received Import Request.
  Time since last request: 136.855065 seconds.
  path: Assets/Assets/MagicMirror/Demo/DemoMaterial1.mat
  artifactKey: Guid(c2689f85d58b6b0408989a116d4adca4) Importer(815301076,1909f56bfc062723c751e8b465ee728b)
Start importing Assets/Assets/MagicMirror/Demo/DemoMaterial1.mat using Guid(c2689f85d58b6b0408989a116d4adca4) Importer(815301076,1909f56bfc062723c751e8b465ee728b)  -> (artifact id: '00996515d76ea20e9ad4954d03b28340') in 0.018526 seconds 
========================================================================
Received Import Request.
  Time since last request: 183.288664 seconds.
  path: Assets/Medieval houses/Log house/Materials/Door.mat
  artifactKey: Guid(1f340bc73cd47d94eab2aa4a8b68acee) Importer(815301076,1909f56bfc062723c751e8b465ee728b)
Start importing Assets/Medieval houses/Log house/Materials/Door.mat using Guid(1f340bc73cd47d94eab2aa4a8b68acee) Importer(815301076,1909f56bfc062723c751e8b465ee728b)  -> (artifact id: '59343275583ec62a9b9699f542c9b2b3') in 0.103339 seconds 
========================================================================
Received Import Request.
  Time since last request: 0.000027 seconds.
  path: Assets/Medieval houses/Log house/Materials/House.mat
  artifactKey: Guid(309ba2f710d78764d9975e2171674462) Importer(815301076,1909f56bfc062723c751e8b465ee728b)
Start importing Assets/Medieval houses/Log house/Materials/House.mat using Guid(309ba2f710d78764d9975e2171674462) Importer(815301076,1909f56bfc062723c751e8b465ee728b)  -> (artifact id: '5550ca7c00ac1f16186b156919ce0ef5') in 0.154999 seconds 
========================================================================
Received Import Request.
  Time since last request: 15.911354 seconds.
  path: Assets/Assets/Medieval houses
  artifactKey: Guid(6d35e75a62b48de4ca29fcd099567cf0) Importer(815301076,1909f56bfc062723c751e8b465ee728b)
Start importing Assets/Assets/Medieval houses using Guid(6d35e75a62b48de4ca29fcd099567cf0) Importer(815301076,1909f56bfc062723c751e8b465ee728b)  -> (artifact id: 'cffe5ce34d39c13de1ff2c88e2c07d66') in 0.007046 seconds 
========================================================================
Received Import Request.
  Time since last request: 3.203874 seconds.
  path: Assets/Assets/Houes
  artifactKey: Guid(6d35e75a62b48de4ca29fcd099567cf0) Importer(815301076,1909f56bfc062723c751e8b465ee728b)
Start importing Assets/Assets/Houes using Guid(6d35e75a62b48de4ca29fcd099567cf0) Importer(815301076,1909f56bfc062723c751e8b465ee728b)  -> (artifact id: 'e01d26ddaf216aaaa8ebfadc05353ad9') in 0.026703 seconds 
========================================================================
Received Import Request.
  Time since last request: 7.351815 seconds.
  path: Assets/Assets/House
  artifactKey: Guid(6d35e75a62b48de4ca29fcd099567cf0) Importer(815301076,1909f56bfc062723c751e8b465ee728b)
Start importing Assets/Assets/House using Guid(6d35e75a62b48de4ca29fcd099567cf0) Importer(815301076,1909f56bfc062723c751e8b465ee728b)  -> (artifact id: 'ea3e6380a38767982e6511bcb3d4567b') in 0.001305 seconds 
========================================================================
Received Import Request.
  Time since last request: 4.836217 seconds.
  path: Assets/Assets/House/Log house
  artifactKey: Guid(e10244fad3c29804e8f152dc65eeccfc) Importer(815301076,1909f56bfc062723c751e8b465ee728b)
Start importing Assets/Assets/House/Log house using Guid(e10244fad3c29804e8f152dc65eeccfc) Importer(815301076,1909f56bfc062723c751e8b465ee728b)  -> (artifact id: 'e8ecfcede1b5e9347fd073f6514b7434') in 0.007196 seconds 
========================================================================
Received Import Request.
  Time since last request: 0.081040 seconds.
  path: Assets/Assets/House/Log house/Log house.fbx
  artifactKey: Guid(14f682f9e2d04af4396f95b882219950) Importer(815301076,1909f56bfc062723c751e8b465ee728b)
Start importing Assets/Assets/House/Log house/Log house.fbx using Guid(14f682f9e2d04af4396f95b882219950) Importer(815301076,1909f56bfc062723c751e8b465ee728b)  -> (artifact id: '18e817c32c5a8a3f505da62a6551ccb5') in 0.270175 seconds 
========================================================================
Received Import Request.
  Time since last request: 3.790480 seconds.
  path: Assets/Assets/House/Stone house
  artifactKey: Guid(7de71a130b7f4e94c9200e03c3e8c6f0) Importer(815301076,1909f56bfc062723c751e8b465ee728b)
Start importing Assets/Assets/House/Stone house using Guid(7de71a130b7f4e94c9200e03c3e8c6f0) Importer(815301076,1909f56bfc062723c751e8b465ee728b)  -> (artifact id: 'a06af2fb361e10594673ebd80b72a031') in 0.007179 seconds 
========================================================================
Received Import Request.
  Time since last request: 0.079242 seconds.
  path: Assets/Assets/House/Stone house/Stone house.fbx
  artifactKey: Guid(de56bad3c5656b74d8cc92d71dee9f62) Importer(815301076,1909f56bfc062723c751e8b465ee728b)
Start importing Assets/Assets/House/Stone house/Stone house.fbx using Guid(de56bad3c5656b74d8cc92d71dee9f62) Importer(815301076,1909f56bfc062723c751e8b465ee728b)  -> (artifact id: '9a3ddc60b505abb9fd555f127020c5f9') in 0.209152 seconds 
========================================================================
Received Import Request.
  Time since last request: 5.473121 seconds.
  path: Assets/Assets/House/Timber house
  artifactKey: Guid(c2786c2f75d39bc468aedc95045f78e9) Importer(815301076,1909f56bfc062723c751e8b465ee728b)
Start importing Assets/Assets/House/Timber house using Guid(c2786c2f75d39bc468aedc95045f78e9) Importer(815301076,1909f56bfc062723c751e8b465ee728b)  -> (artifact id: 'ed3ae3fb7521caab8bad814844248c81') in 0.008445 seconds 
========================================================================
Received Import Request.
  Time since last request: 0.064781 seconds.
  path: Assets/Assets/House/Timber house/Timber house.fbx
  artifactKey: Guid(304620c2a96ce1043bc12531ed0125d2) Importer(815301076,1909f56bfc062723c751e8b465ee728b)
Start importing Assets/Assets/House/Timber house/Timber house.fbx using Guid(304620c2a96ce1043bc12531ed0125d2) Importer(815301076,1909f56bfc062723c751e8b465ee728b)  -> (artifact id: 'ad971d1162247adbd80de195aed6f2bb') in 0.056476 seconds 
========================================================================
Received Import Request.
  Time since last request: 304.024171 seconds.
  path: Assets/Assets/House/Log house/Log house.fbx
  artifactKey: Guid(14f682f9e2d04af4396f95b882219950) Importer(815301076,1909f56bfc062723c751e8b465ee728b)
Start importing Assets/Assets/House/Log house/Log house.fbx using Guid(14f682f9e2d04af4396f95b882219950) Importer(815301076,1909f56bfc062723c751e8b465ee728b)  -> (artifact id: '4067ad7f3e126878a4bfc6d1992260ac') in 0.070686 seconds 
