Using pre-set license
Built from '2021.3/staging' branch; Version is '2021.3.18f1 (3129e69bc0c7) revision 3221990'; Using compiler version '192829333'; Build Type 'Release'
OS: 'Windows 11  (10.0.22000) 64bit Core' Language: 'en' Physical Memory: 16088 MB
BatchMode: 1, IsHumanControllingUs: 0, StartBugReporterOnCrash: 0, Is64bit: 1, IsPro: 1

COMMAND LINE ARGUMENTS:
C:\Program Files\Unity\Hub\Editor\2021.3.18f1\Editor\Unity.exe
-adb2
-batchMode
-noUpm
-name
AssetImportWorker3
-projectPath
C:/Users/joell/OneDrive/Desktop/ISA GIT/ISA/ISA Project
-logFile
Logs/AssetImportWorker3.log
-srvPort
54941
Successfully changed project path to: C:/Users/joell/OneDrive/Desktop/ISA GIT/ISA/ISA Project
C:/Users/joell/OneDrive/Desktop/ISA GIT/ISA/ISA Project
[UnityMemory] Configuration Parameters - Can be set up in boot.config
    "memorysetup-bucket-allocator-granularity=16"
    "memorysetup-bucket-allocator-bucket-count=8"
    "memorysetup-bucket-allocator-block-size=33554432"
    "memorysetup-bucket-allocator-block-count=8"
    "memorysetup-main-allocator-block-size=16777216"
    "memorysetup-thread-allocator-block-size=16777216"
    "memorysetup-gfx-main-allocator-block-size=16777216"
    "memorysetup-gfx-thread-allocator-block-size=16777216"
    "memorysetup-cache-allocator-block-size=4194304"
    "memorysetup-typetree-allocator-block-size=2097152"
    "memorysetup-profiler-bucket-allocator-granularity=16"
    "memorysetup-profiler-bucket-allocator-bucket-count=8"
    "memorysetup-profiler-bucket-allocator-block-size=33554432"
    "memorysetup-profiler-bucket-allocator-block-count=8"
    "memorysetup-profiler-allocator-block-size=16777216"
    "memorysetup-profiler-editor-allocator-block-size=1048576"
    "memorysetup-temp-allocator-size-main=16777216"
    "memorysetup-job-temp-allocator-block-size=2097152"
    "memorysetup-job-temp-allocator-block-size-background=1048576"
    "memorysetup-job-temp-allocator-reduction-small-platforms=262144"
    "memorysetup-temp-allocator-size-background-worker=32768"
    "memorysetup-temp-allocator-size-job-worker=262144"
    "memorysetup-temp-allocator-size-preload-manager=33554432"
    "memorysetup-temp-allocator-size-nav-mesh-worker=65536"
    "memorysetup-temp-allocator-size-audio-worker=65536"
    "memorysetup-temp-allocator-size-cloud-worker=32768"
    "memorysetup-temp-allocator-size-gi-baking-worker=262144"
    "memorysetup-temp-allocator-size-gfx=262144"
Player connection [24724] Host "[IP] 192.168.68.115 [Port] 0 [Flags] 2 [Guid] 310940970 [EditorId] 310940970 [Version] 1048832 [Id] WindowsEditor(7,MSI) [Debug] 1 [PackageName] WindowsEditor [ProjectName] Editor" joined multi-casting on [225.0.0.222:54997]...

Player connection [24724] Host "[IP] 192.168.68.115 [Port] 0 [Flags] 2 [Guid] 310940970 [EditorId] 310940970 [Version] 1048832 [Id] WindowsEditor(7,MSI) [Debug] 1 [PackageName] WindowsEditor [ProjectName] Editor" joined alternative multi-casting on [225.0.0.222:34997]...

Refreshing native plugins compatible for Editor in 50.38 ms, found 3 plugins.
Preloading 0 native plugins for Editor in 0.00 ms.
Initialize engine version: 2021.3.18f1 (3129e69bc0c7)
[Subsystems] Discovering subsystems at path C:/Program Files/Unity/Hub/Editor/2021.3.18f1/Editor/Data/Resources/UnitySubsystems
[Subsystems] Discovering subsystems at path C:/Users/joell/OneDrive/Desktop/ISA GIT/ISA/ISA Project/Assets
GfxDevice: creating device client; threaded=0; jobified=0
Direct3D:
    Version:  Direct3D 11.0 [level 11.1]
    Renderer: NVIDIA GeForce RTX 3070 Ti Laptop GPU (ID=0x24a0)
    Vendor:   NVIDIA
    VRAM:     8043 MB
    Driver:   30.0.15.1165
Initialize mono
Mono path[0] = 'C:/Program Files/Unity/Hub/Editor/2021.3.18f1/Editor/Data/Managed'
Mono path[1] = 'C:/Program Files/Unity/Hub/Editor/2021.3.18f1/Editor/Data/MonoBleedingEdge/lib/mono/unityjit-win32'
Mono config path = 'C:/Program Files/Unity/Hub/Editor/2021.3.18f1/Editor/Data/MonoBleedingEdge/etc'
Using monoOptions --debugger-agent=transport=dt_socket,embedding=1,server=y,suspend=n,address=127.0.0.1:56064
Begin MonoManager ReloadAssembly
Registering precompiled unity dll's ...
Register platform support module: C:/Program Files/Unity/Hub/Editor/2021.3.18f1/Editor/Data/PlaybackEngines/WindowsStandaloneSupport/UnityEditor.WindowsStandalone.Extensions.dll
Registered in 0.002287 seconds.
Native extension for WindowsStandalone target not found
Refreshing native plugins compatible for Editor in 54.57 ms, found 3 plugins.
Preloading 0 native plugins for Editor in 0.00 ms.
Mono: successfully reloaded assembly
- Completed reload, in  0.437 seconds
Domain Reload Profiling:
	ReloadAssembly (437ms)
		BeginReloadAssembly (51ms)
			ExecutionOrderSort (0ms)
			DisableScriptedObjects (0ms)
			BackupInstance (0ms)
			ReleaseScriptingObjects (0ms)
			CreateAndSetChildDomain (0ms)
		EndReloadAssembly (316ms)
			LoadAssemblies (50ms)
			RebuildTransferFunctionScriptingTraits (0ms)
			SetupTypeCache (68ms)
			ReleaseScriptCaches (0ms)
			RebuildScriptCaches (18ms)
			SetupLoadedEditorAssemblies (196ms)
				LogAssemblyErrors (0ms)
				InitializePlatformSupportModulesInManaged (5ms)
				SetLoadedEditorAssemblies (0ms)
				RefreshPlugins (55ms)
				BeforeProcessingInitializeOnLoad (1ms)
				ProcessInitializeOnLoadAttributes (102ms)
				ProcessInitializeOnLoadMethodAttributes (33ms)
				AfterProcessingInitializeOnLoad (0ms)
				EditorAssembliesLoaded (0ms)
			ExecutionOrderSort2 (0ms)
			AwakeInstancesAfterBackupRestoration (0ms)
Platform modules already initialized, skipping
Registering precompiled user dll's ...
Registered in 0.002539 seconds.
Begin MonoManager ReloadAssembly
Symbol file LoadedFromMemory doesn't match image C:\Users\joell\OneDrive\Desktop\ISA GIT\ISA\ISA Project\Library\PackageCache\com.unity.visualscripting@1.8.0\Editor\VisualScripting.Core\Dependencies\YamlDotNet\Unity.VisualScripting.YamlDotNet.dll
Symbol file LoadedFromMemory doesn't match image C:\Users\joell\OneDrive\Desktop\ISA GIT\ISA\ISA Project\Library\PackageCache\com.unity.visualscripting@1.8.0\Editor\VisualScripting.Core\Dependencies\DotNetZip\Unity.VisualScripting.IonicZip.dll
Native extension for WindowsStandalone target not found
Refreshing native plugins compatible for Editor in 0.42 ms, found 3 plugins.
Preloading 0 native plugins for Editor in 0.00 ms.
Mono: successfully reloaded assembly
- Completed reload, in  0.674 seconds
Domain Reload Profiling:
	ReloadAssembly (675ms)
		BeginReloadAssembly (72ms)
			ExecutionOrderSort (0ms)
			DisableScriptedObjects (4ms)
			BackupInstance (0ms)
			ReleaseScriptingObjects (0ms)
			CreateAndSetChildDomain (14ms)
		EndReloadAssembly (527ms)
			LoadAssemblies (49ms)
			RebuildTransferFunctionScriptingTraits (0ms)
			SetupTypeCache (168ms)
			ReleaseScriptCaches (0ms)
			RebuildScriptCaches (35ms)
			SetupLoadedEditorAssemblies (250ms)
				LogAssemblyErrors (0ms)
				InitializePlatformSupportModulesInManaged (3ms)
				SetLoadedEditorAssemblies (0ms)
				RefreshPlugins (0ms)
				BeforeProcessingInitializeOnLoad (51ms)
				ProcessInitializeOnLoadAttributes (177ms)
				ProcessInitializeOnLoadMethodAttributes (15ms)
				AfterProcessingInitializeOnLoad (3ms)
				EditorAssembliesLoaded (0ms)
			ExecutionOrderSort2 (0ms)
			AwakeInstancesAfterBackupRestoration (4ms)
Platform modules already initialized, skipping
========================================================================
Worker process is ready to serve import requests
Launched and connected shader compiler UnityShaderCompiler.exe after 0.03 seconds
Refreshing native plugins compatible for Editor in 0.45 ms, found 3 plugins.
Preloading 0 native plugins for Editor in 0.00 ms.
Unloading 3218 Unused Serialized files (Serialized files now loaded: 0)
Unloading 37 unused Assets / (184.7 KB). Loaded Objects now: 3709.
Memory consumption went from 127.0 MB to 126.8 MB.
Total: 2.201700 ms (FindLiveObjects: 0.174400 ms CreateObjectMapping: 0.076200 ms MarkObjects: 1.841800 ms  DeleteObjects: 0.108600 ms)

AssetImportParameters requested are different than current active one (requested -> active):
  custom:video-decoder-ogg-theora: a1e56fd34408186e4bbccfd4996cb3dc -> 
  custom:container-muxer-webm: aa71ff27fc2769a1b78a27578f13a17b -> 
  custom:container-demuxer-webm: 4f35f7cbe854078d1ac9338744f61a02 -> 
  custom:video-encoder-webm-vp8: eb34c28f22e8b96e1ab97ce403110664 -> 
  custom:audio-encoder-webm-vorbis: bf7c407c2cedff20999df2af8eb42d56 -> 
  custom:framework-win-MediaFoundation: 216162199b28c13a410421893ffa2e32 -> 
  custom:container-demuxer-ogg: 62fdf1f143b41e24485cea50d1cbac27 -> 
  custom:video-decoder-webm-vp8: 9c59270c3fd7afecdb556c50c9e8de78 -> 
  custom:audio-decoder-ogg-vorbis: bf7c407c2cedff20999df2af8eb42d56 -> 
========================================================================
Received Import Request.
  Time since last request: 991035.345501 seconds.
  path: Assets/ThunderSoundSetVol1/OGG/Thunder_TpopAudio_001.ogg
  artifactKey: Guid(69c83fa401482a7478c882f6d99b5c48) Importer(815301076,1909f56bfc062723c751e8b465ee728b)
Start importing Assets/ThunderSoundSetVol1/OGG/Thunder_TpopAudio_001.ogg using Guid(69c83fa401482a7478c882f6d99b5c48) Importer(815301076,1909f56bfc062723c751e8b465ee728b)  -> (artifact id: 'b51052809ad2621978b5b200189b5732') in 0.088516 seconds 
========================================================================
Received Import Request.
  Time since last request: 44.308927 seconds.
  path: Assets/ThunderSoundSetVol1/Wav/Thunder_TpopAudio_004.wav
  artifactKey: Guid(61494125f3dda784698ad58ddea3e707) Importer(815301076,1909f56bfc062723c751e8b465ee728b)
Start importing Assets/ThunderSoundSetVol1/Wav/Thunder_TpopAudio_004.wav using Guid(61494125f3dda784698ad58ddea3e707) Importer(815301076,1909f56bfc062723c751e8b465ee728b)  -> (artifact id: '89b91af83d3c075aec35dd9cfc67410b') in 0.012910 seconds 
========================================================================
Received Import Request.
  Time since last request: 0.000021 seconds.
  path: Assets/ThunderSoundSetVol1/Wav/Thunder_TpopAudio_006.wav
  artifactKey: Guid(ca7dc597553fa6c4fb67a8b2ab41e3dc) Importer(815301076,1909f56bfc062723c751e8b465ee728b)
Start importing Assets/ThunderSoundSetVol1/Wav/Thunder_TpopAudio_006.wav using Guid(ca7dc597553fa6c4fb67a8b2ab41e3dc) Importer(815301076,1909f56bfc062723c751e8b465ee728b)  -> (artifact id: 'a0ec9c48cc9a96c2a3859188082c990a') in 0.010983 seconds 
========================================================================
Received Import Request.
  Time since last request: 136.264430 seconds.
  path: Assets/SITIAN/Forest Sounds 2023 Lite/Footstep/Wet/Footstep_58.wav
  artifactKey: Guid(2398f947d6e08ca4ab2d7f557793730d) Importer(815301076,1909f56bfc062723c751e8b465ee728b)
Start importing Assets/SITIAN/Forest Sounds 2023 Lite/Footstep/Wet/Footstep_58.wav using Guid(2398f947d6e08ca4ab2d7f557793730d) Importer(815301076,1909f56bfc062723c751e8b465ee728b)  -> (artifact id: 'c651cb71b9facf968c3c97123a356563') in 0.011902 seconds 
========================================================================
Received Import Request.
  Time since last request: 13.559711 seconds.
  path: Assets/SITIAN/Forest Sounds 2023 Lite/Miscellaneous/Dead Leaves Rattle_2.wav
  artifactKey: Guid(5f5f6407a3c48ca41842c2c0707f08a0) Importer(815301076,1909f56bfc062723c751e8b465ee728b)
Start importing Assets/SITIAN/Forest Sounds 2023 Lite/Miscellaneous/Dead Leaves Rattle_2.wav using Guid(5f5f6407a3c48ca41842c2c0707f08a0) Importer(815301076,1909f56bfc062723c751e8b465ee728b)  -> (artifact id: '5b92bb5758736066a9c43df6b21ee0c6') in 0.013705 seconds 
========================================================================
Received Import Request.
  Time since last request: 5.970055 seconds.
  path: Assets/SITIAN/Forest Sounds 2023 Lite/Footstep/General/Footstep_14.wav
  artifactKey: Guid(a6be0d9f2e887884c92c68b2d07f9220) Importer(815301076,1909f56bfc062723c751e8b465ee728b)
Start importing Assets/SITIAN/Forest Sounds 2023 Lite/Footstep/General/Footstep_14.wav using Guid(a6be0d9f2e887884c92c68b2d07f9220) Importer(815301076,1909f56bfc062723c751e8b465ee728b)  -> (artifact id: '638619563129a1ca10f678030af01463') in 0.012118 seconds 
========================================================================
Received Import Request.
  Time since last request: 180.675936 seconds.
  path: Assets/Nature Sound FX/Rain/Rain (2) Loop.wav
  artifactKey: Guid(343414efde6e09242bad5b4e84500ed2) Importer(815301076,1909f56bfc062723c751e8b465ee728b)
Start importing Assets/Nature Sound FX/Rain/Rain (2) Loop.wav using Guid(343414efde6e09242bad5b4e84500ed2) Importer(815301076,1909f56bfc062723c751e8b465ee728b)  -> (artifact id: '5eaf793dc22defa6e5cb90a39095d97d') in 0.013997 seconds 
========================================================================
Received Import Request.
  Time since last request: 0.000023 seconds.
  path: Assets/Nature Sound FX/Rain/Rain (5) Loop.wav
  artifactKey: Guid(ddaf339cd3090bf449cf443c1bee6d99) Importer(815301076,1909f56bfc062723c751e8b465ee728b)
Start importing Assets/Nature Sound FX/Rain/Rain (5) Loop.wav using Guid(ddaf339cd3090bf449cf443c1bee6d99) Importer(815301076,1909f56bfc062723c751e8b465ee728b)  -> (artifact id: '27d68557685c942db5e53361c10c5f24') in 0.019259 seconds 
========================================================================
Received Import Request.
  Time since last request: 0.000020 seconds.
  path: Assets/Nature Sound FX/Rain/Rain (6) Loop.wav
  artifactKey: Guid(1f0d8220c9c468d4e9853ad862a481b5) Importer(815301076,1909f56bfc062723c751e8b465ee728b)
Start importing Assets/Nature Sound FX/Rain/Rain (6) Loop.wav using Guid(1f0d8220c9c468d4e9853ad862a481b5) Importer(815301076,1909f56bfc062723c751e8b465ee728b)  -> (artifact id: 'bf1f4ae5da5d952f27c2522dbf89c344') in 0.014835 seconds 
========================================================================
Received Import Request.
  Time since last request: 0.000025 seconds.
  path: Assets/Nature Sound FX/Rain/Rain (7) Loop.wav
  artifactKey: Guid(5cbac1f105653924f96b57d50f310d7e) Importer(815301076,1909f56bfc062723c751e8b465ee728b)
Start importing Assets/Nature Sound FX/Rain/Rain (7) Loop.wav using Guid(5cbac1f105653924f96b57d50f310d7e) Importer(815301076,1909f56bfc062723c751e8b465ee728b)  -> (artifact id: 'e375ef918f55a0332878fb2b0ce023e5') in 0.011474 seconds 
========================================================================
Received Import Request.
  Time since last request: 51.299697 seconds.
  path: Assets/Nature Sound FX/Jungle/Jungle (3) Loop.wav
  artifactKey: Guid(91b40a88daaebac44a6932c55c375a9c) Importer(815301076,1909f56bfc062723c751e8b465ee728b)
Start importing Assets/Nature Sound FX/Jungle/Jungle (3) Loop.wav using Guid(91b40a88daaebac44a6932c55c375a9c) Importer(815301076,1909f56bfc062723c751e8b465ee728b)  -> (artifact id: 'a5942a018793babc1ef1189bc80a9a4c') in 0.010438 seconds 
========================================================================
Received Import Request.
  Time since last request: 0.000019 seconds.
  path: Assets/Nature Sound FX/Jungle/Jungle (6).wav
  artifactKey: Guid(77e37ed91994fd54d9c2c7c3eaeba428) Importer(815301076,1909f56bfc062723c751e8b465ee728b)
Start importing Assets/Nature Sound FX/Jungle/Jungle (6).wav using Guid(77e37ed91994fd54d9c2c7c3eaeba428) Importer(815301076,1909f56bfc062723c751e8b465ee728b)  -> (artifact id: '929630eed6c7b0b1a5cec478470739ad') in 0.012007 seconds 
========================================================================
Received Import Request.
  Time since last request: 0.000075 seconds.
  path: Assets/Nature Sound FX/Jungle/Jungle (7) Loop.wav
  artifactKey: Guid(877c538ed56cfaa419eb897df7b5ae90) Importer(815301076,1909f56bfc062723c751e8b465ee728b)
Start importing Assets/Nature Sound FX/Jungle/Jungle (7) Loop.wav using Guid(877c538ed56cfaa419eb897df7b5ae90) Importer(815301076,1909f56bfc062723c751e8b465ee728b)  -> (artifact id: '4d063e6a59455ba7ed87c5a0954af81e') in 0.027007 seconds 
========================================================================
Received Import Request.
  Time since last request: 0.539834 seconds.
  path: Assets/Nature Sound FX/Lighting/Lighting (3).wav
  artifactKey: Guid(841785e06cd131944a95f63f05422311) Importer(815301076,1909f56bfc062723c751e8b465ee728b)
Start importing Assets/Nature Sound FX/Lighting/Lighting (3).wav using Guid(841785e06cd131944a95f63f05422311) Importer(815301076,1909f56bfc062723c751e8b465ee728b)  -> (artifact id: '2776ded5fdb67d5767f0c467a4ea5fa9') in 0.012390 seconds 
========================================================================
Received Import Request.
  Time since last request: 0.000018 seconds.
  path: Assets/Nature Sound FX/Lighting/Lighting (7).wav
  artifactKey: Guid(2721c575d601b484f8ca20afccb12467) Importer(815301076,1909f56bfc062723c751e8b465ee728b)
Start importing Assets/Nature Sound FX/Lighting/Lighting (7).wav using Guid(2721c575d601b484f8ca20afccb12467) Importer(815301076,1909f56bfc062723c751e8b465ee728b)  -> (artifact id: '2dd24afb0bad5e8a5044a2eeadca82f4') in 0.009737 seconds 
Editor requested this worker to shutdown with reason: Scaling down because of idle timeout
AssetImportWorker is now disconnected from the server
Process exiting
Exiting without the bug reporter. Application will terminate with return code 0