Using pre-set license
Built from '2021.3/staging' branch; Version is '2021.3.18f1 (3129e69bc0c7) revision 3221990'; Using compiler version '192829333'; Build Type 'Release'
OS: 'Windows 11  (10.0.22000) 64bit Core' Language: 'en' Physical Memory: 16088 MB
BatchMode: 1, IsHumanControllingUs: 0, StartBugReporterOnCrash: 0, Is64bit: 1, IsPro: 1

COMMAND LINE ARGUMENTS:
C:\Program Files\Unity\Hub\Editor\2021.3.18f1\Editor\Unity.exe
-adb2
-batchMode
-noUpm
-name
AssetImportWorker13
-projectPath
C:/Users/joell/OneDrive/Desktop/ISA GIT/ISA/ISA Project
-logFile
Logs/AssetImportWorker13.log
-srvPort
63287
Successfully changed project path to: C:/Users/joell/OneDrive/Desktop/ISA GIT/ISA/ISA Project
C:/Users/joell/OneDrive/Desktop/ISA GIT/ISA/ISA Project
[UnityMemory] Configuration Parameters - Can be set up in boot.config
    "memorysetup-bucket-allocator-granularity=16"
    "memorysetup-bucket-allocator-bucket-count=8"
    "memorysetup-bucket-allocator-block-size=33554432"
    "memorysetup-bucket-allocator-block-count=8"
    "memorysetup-main-allocator-block-size=16777216"
    "memorysetup-thread-allocator-block-size=16777216"
    "memorysetup-gfx-main-allocator-block-size=16777216"
    "memorysetup-gfx-thread-allocator-block-size=16777216"
    "memorysetup-cache-allocator-block-size=4194304"
    "memorysetup-typetree-allocator-block-size=2097152"
    "memorysetup-profiler-bucket-allocator-granularity=16"
    "memorysetup-profiler-bucket-allocator-bucket-count=8"
    "memorysetup-profiler-bucket-allocator-block-size=33554432"
    "memorysetup-profiler-bucket-allocator-block-count=8"
    "memorysetup-profiler-allocator-block-size=16777216"
    "memorysetup-profiler-editor-allocator-block-size=1048576"
    "memorysetup-temp-allocator-size-main=16777216"
    "memorysetup-job-temp-allocator-block-size=2097152"
    "memorysetup-job-temp-allocator-block-size-background=1048576"
    "memorysetup-job-temp-allocator-reduction-small-platforms=262144"
    "memorysetup-temp-allocator-size-background-worker=32768"
    "memorysetup-temp-allocator-size-job-worker=262144"
    "memorysetup-temp-allocator-size-preload-manager=33554432"
    "memorysetup-temp-allocator-size-nav-mesh-worker=65536"
    "memorysetup-temp-allocator-size-audio-worker=65536"
    "memorysetup-temp-allocator-size-cloud-worker=32768"
    "memorysetup-temp-allocator-size-gi-baking-worker=262144"
    "memorysetup-temp-allocator-size-gfx=262144"
Player connection [19172] Host "[IP] 192.168.68.115 [Port] 0 [Flags] 2 [Guid] 1852935132 [EditorId] 1852935132 [Version] 1048832 [Id] WindowsEditor(7,MSI) [Debug] 1 [PackageName] WindowsEditor [ProjectName] Editor" joined multi-casting on [225.0.0.222:54997]...

Player connection [19172] Host "[IP] 192.168.68.115 [Port] 0 [Flags] 2 [Guid] 1852935132 [EditorId] 1852935132 [Version] 1048832 [Id] WindowsEditor(7,MSI) [Debug] 1 [PackageName] WindowsEditor [ProjectName] Editor" joined alternative multi-casting on [225.0.0.222:34997]...

Refreshing native plugins compatible for Editor in 47.02 ms, found 3 plugins.
Preloading 0 native plugins for Editor in 0.00 ms.
Initialize engine version: 2021.3.18f1 (3129e69bc0c7)
[Subsystems] Discovering subsystems at path C:/Program Files/Unity/Hub/Editor/2021.3.18f1/Editor/Data/Resources/UnitySubsystems
[Subsystems] Discovering subsystems at path C:/Users/joell/OneDrive/Desktop/ISA GIT/ISA/ISA Project/Assets
GfxDevice: creating device client; threaded=0; jobified=0
Direct3D:
    Version:  Direct3D 11.0 [level 11.1]
    Renderer: NVIDIA GeForce RTX 3070 Ti Laptop GPU (ID=0x24a0)
    Vendor:   NVIDIA
    VRAM:     8043 MB
    Driver:   30.0.15.1165
Initialize mono
Mono path[0] = 'C:/Program Files/Unity/Hub/Editor/2021.3.18f1/Editor/Data/Managed'
Mono path[1] = 'C:/Program Files/Unity/Hub/Editor/2021.3.18f1/Editor/Data/MonoBleedingEdge/lib/mono/unityjit-win32'
Mono config path = 'C:/Program Files/Unity/Hub/Editor/2021.3.18f1/Editor/Data/MonoBleedingEdge/etc'
Using monoOptions --debugger-agent=transport=dt_socket,embedding=1,server=y,suspend=n,address=127.0.0.1:56120
Begin MonoManager ReloadAssembly
Registering precompiled unity dll's ...
Register platform support module: C:/Program Files/Unity/Hub/Editor/2021.3.18f1/Editor/Data/PlaybackEngines/WindowsStandaloneSupport/UnityEditor.WindowsStandalone.Extensions.dll
Registered in 0.003642 seconds.
Native extension for WindowsStandalone target not found
Refreshing native plugins compatible for Editor in 45.18 ms, found 3 plugins.
Preloading 0 native plugins for Editor in 0.00 ms.
Mono: successfully reloaded assembly
- Completed reload, in  0.424 seconds
Domain Reload Profiling:
	ReloadAssembly (425ms)
		BeginReloadAssembly (79ms)
			ExecutionOrderSort (0ms)
			DisableScriptedObjects (0ms)
			BackupInstance (0ms)
			ReleaseScriptingObjects (0ms)
			CreateAndSetChildDomain (1ms)
		EndReloadAssembly (277ms)
			LoadAssemblies (78ms)
			RebuildTransferFunctionScriptingTraits (0ms)
			SetupTypeCache (64ms)
			ReleaseScriptCaches (0ms)
			RebuildScriptCaches (17ms)
			SetupLoadedEditorAssemblies (166ms)
				LogAssemblyErrors (0ms)
				InitializePlatformSupportModulesInManaged (4ms)
				SetLoadedEditorAssemblies (0ms)
				RefreshPlugins (45ms)
				BeforeProcessingInitializeOnLoad (1ms)
				ProcessInitializeOnLoadAttributes (87ms)
				ProcessInitializeOnLoadMethodAttributes (28ms)
				AfterProcessingInitializeOnLoad (0ms)
				EditorAssembliesLoaded (0ms)
			ExecutionOrderSort2 (0ms)
			AwakeInstancesAfterBackupRestoration (0ms)
Platform modules already initialized, skipping
Registering precompiled user dll's ...
Registered in 0.002305 seconds.
Begin MonoManager ReloadAssembly
Symbol file LoadedFromMemory doesn't match image C:\Users\joell\OneDrive\Desktop\ISA GIT\ISA\ISA Project\Library\PackageCache\com.unity.visualscripting@1.8.0\Editor\VisualScripting.Core\Dependencies\YamlDotNet\Unity.VisualScripting.YamlDotNet.dll
Symbol file LoadedFromMemory doesn't match image C:\Users\joell\OneDrive\Desktop\ISA GIT\ISA\ISA Project\Library\PackageCache\com.unity.visualscripting@1.8.0\Editor\VisualScripting.Core\Dependencies\DotNetZip\Unity.VisualScripting.IonicZip.dll
Native extension for WindowsStandalone target not found
Refreshing native plugins compatible for Editor in 0.36 ms, found 3 plugins.
Preloading 0 native plugins for Editor in 0.00 ms.
Mono: successfully reloaded assembly
- Completed reload, in  0.611 seconds
Domain Reload Profiling:
	ReloadAssembly (612ms)
		BeginReloadAssembly (70ms)
			ExecutionOrderSort (0ms)
			DisableScriptedObjects (4ms)
			BackupInstance (0ms)
			ReleaseScriptingObjects (0ms)
			CreateAndSetChildDomain (13ms)
		EndReloadAssembly (464ms)
			LoadAssemblies (67ms)
			RebuildTransferFunctionScriptingTraits (0ms)
			SetupTypeCache (149ms)
			ReleaseScriptCaches (0ms)
			RebuildScriptCaches (27ms)
			SetupLoadedEditorAssemblies (202ms)
				LogAssemblyErrors (0ms)
				InitializePlatformSupportModulesInManaged (3ms)
				SetLoadedEditorAssemblies (0ms)
				RefreshPlugins (0ms)
				BeforeProcessingInitializeOnLoad (43ms)
				ProcessInitializeOnLoadAttributes (141ms)
				ProcessInitializeOnLoadMethodAttributes (12ms)
				AfterProcessingInitializeOnLoad (3ms)
				EditorAssembliesLoaded (0ms)
			ExecutionOrderSort2 (0ms)
			AwakeInstancesAfterBackupRestoration (3ms)
Platform modules already initialized, skipping
========================================================================
Worker process is ready to serve import requests
Launched and connected shader compiler UnityShaderCompiler.exe after 0.03 seconds
Refreshing native plugins compatible for Editor in 0.39 ms, found 3 plugins.
Preloading 0 native plugins for Editor in 0.00 ms.
Unloading 3048 Unused Serialized files (Serialized files now loaded: 0)
Unloading 24 unused Assets / (113.8 KB). Loaded Objects now: 3529.
Memory consumption went from 119.0 MB to 118.9 MB.
Total: 2.255800 ms (FindLiveObjects: 0.182600 ms CreateObjectMapping: 0.060200 ms MarkObjects: 1.930500 ms  DeleteObjects: 0.081800 ms)

AssetImportParameters requested are different than current active one (requested -> active):
  custom:video-decoder-ogg-theora: a1e56fd34408186e4bbccfd4996cb3dc -> 
  custom:container-muxer-webm: aa71ff27fc2769a1b78a27578f13a17b -> 
  custom:container-demuxer-webm: 4f35f7cbe854078d1ac9338744f61a02 -> 
  custom:video-encoder-webm-vp8: eb34c28f22e8b96e1ab97ce403110664 -> 
  custom:audio-encoder-webm-vorbis: bf7c407c2cedff20999df2af8eb42d56 -> 
  custom:framework-win-MediaFoundation: 216162199b28c13a410421893ffa2e32 -> 
  custom:container-demuxer-ogg: 62fdf1f143b41e24485cea50d1cbac27 -> 
  custom:video-decoder-webm-vp8: 9c59270c3fd7afecdb556c50c9e8de78 -> 
  custom:audio-decoder-ogg-vorbis: bf7c407c2cedff20999df2af8eb42d56 -> 
========================================================================
Received Import Request.
  Time since last request: 684611.531878 seconds.
  path: Assets/Assets/Nature/Prefabs/tree_a.prefab
  artifactKey: Guid(17cb05b9f8bd51347a369b124d73be13) Importer(815301076,1909f56bfc062723c751e8b465ee728b)
Start importing Assets/Assets/Nature/Prefabs/tree_a.prefab using Guid(17cb05b9f8bd51347a369b124d73be13) Importer(815301076,1909f56bfc062723c751e8b465ee728b)  -> (artifact id: 'e9c9dd93d6f94609929b1817b376cf58') in 0.125925 seconds 
========================================================================
Received Import Request.
  Time since last request: 0.000030 seconds.
  path: Assets/Assets/Nature/Prefabs/tree_g.prefab
  artifactKey: Guid(f8244925291293049a4f9db693e9e395) Importer(815301076,1909f56bfc062723c751e8b465ee728b)
Start importing Assets/Assets/Nature/Prefabs/tree_g.prefab using Guid(f8244925291293049a4f9db693e9e395) Importer(815301076,1909f56bfc062723c751e8b465ee728b)  -> (artifact id: 'ab95314a04422bd44937fed1cf7d5568') in 0.018762 seconds 
========================================================================
Received Import Request.
  Time since last request: 0.000021 seconds.
  path: Assets/Assets/Nature/Prefabs/tree_b.prefab
  artifactKey: Guid(fb3ec1f990e0834459e20e7be2459d63) Importer(815301076,1909f56bfc062723c751e8b465ee728b)
Start importing Assets/Assets/Nature/Prefabs/tree_b.prefab using Guid(fb3ec1f990e0834459e20e7be2459d63) Importer(815301076,1909f56bfc062723c751e8b465ee728b)  -> (artifact id: '8a7e6a49483becfbe1f5365a834d2a31') in 0.017590 seconds 
========================================================================
Received Import Request.
  Time since last request: 0.000021 seconds.
  path: Assets/Assets/Nature/Prefabs/tree_i.prefab
  artifactKey: Guid(c8241c5696cbec14bae8a38a0489c6ef) Importer(815301076,1909f56bfc062723c751e8b465ee728b)
Start importing Assets/Assets/Nature/Prefabs/tree_i.prefab using Guid(c8241c5696cbec14bae8a38a0489c6ef) Importer(815301076,1909f56bfc062723c751e8b465ee728b)  -> (artifact id: '36cf0fb415aacccdaa57ac3bc2da0dcf') in 0.015688 seconds 
========================================================================
Received Import Request.
  Time since last request: 0.000029 seconds.
  path: Assets/Assets/Nature/Prefabs/tree_e.prefab
  artifactKey: Guid(4c19e7fac9429a743b3a44dab80d5829) Importer(815301076,1909f56bfc062723c751e8b465ee728b)
Start importing Assets/Assets/Nature/Prefabs/tree_e.prefab using Guid(4c19e7fac9429a743b3a44dab80d5829) Importer(815301076,1909f56bfc062723c751e8b465ee728b)  -> (artifact id: '9cba1cc6119e338d5b604b3580771fb3') in 0.019341 seconds 
========================================================================
Received Import Request.
  Time since last request: 0.000019 seconds.
  path: Assets/Assets/Nature/Prefabs/tree_h.prefab
  artifactKey: Guid(cc73d15ad10bfb04bb62d40a852cec0a) Importer(815301076,1909f56bfc062723c751e8b465ee728b)
Start importing Assets/Assets/Nature/Prefabs/tree_h.prefab using Guid(cc73d15ad10bfb04bb62d40a852cec0a) Importer(815301076,1909f56bfc062723c751e8b465ee728b)  -> (artifact id: '2c7aad4a7f20c43e805fd9d09d26eb08') in 0.017714 seconds 
========================================================================
Received Import Request.
  Time since last request: 0.000019 seconds.
  path: Assets/Assets/Nature/Prefabs/tree_c.prefab
  artifactKey: Guid(2dec588a435420f4589914de23d120f5) Importer(815301076,1909f56bfc062723c751e8b465ee728b)
Start importing Assets/Assets/Nature/Prefabs/tree_c.prefab using Guid(2dec588a435420f4589914de23d120f5) Importer(815301076,1909f56bfc062723c751e8b465ee728b)  -> (artifact id: '985ec9c1146648f583731a01436d2965') in 0.016795 seconds 
========================================================================
Received Import Request.
  Time since last request: 0.000023 seconds.
  path: Assets/Assets/Nature/Prefabs/tree_f.prefab
  artifactKey: Guid(0a5c7fe0194741c48a466d7c6316f970) Importer(815301076,1909f56bfc062723c751e8b465ee728b)
Start importing Assets/Assets/Nature/Prefabs/tree_f.prefab using Guid(0a5c7fe0194741c48a466d7c6316f970) Importer(815301076,1909f56bfc062723c751e8b465ee728b)  -> (artifact id: '2c2f98583b7ae2cb824132343dc2b3b1') in 0.012340 seconds 
========================================================================
Received Import Request.
  Time since last request: 0.000018 seconds.
  path: Assets/Assets/Nature/Prefabs/tree_k.prefab
  artifactKey: Guid(84e38d7f6eafbd44c94f15c42908c48c) Importer(815301076,1909f56bfc062723c751e8b465ee728b)
Start importing Assets/Assets/Nature/Prefabs/tree_k.prefab using Guid(84e38d7f6eafbd44c94f15c42908c48c) Importer(815301076,1909f56bfc062723c751e8b465ee728b)  -> (artifact id: 'b8c23a7e2a8cb43cbe52495ec084bde7') in 0.019352 seconds 
========================================================================
Received Import Request.
  Time since last request: 22.615951 seconds.
  path: Assets/Assets/Nature/Nature/foliage03.psd
  artifactKey: Guid(633164e3c02f2ac479fa66f79859d719) Importer(815301076,1909f56bfc062723c751e8b465ee728b)
Start importing Assets/Assets/Nature/Nature/foliage03.psd using Guid(633164e3c02f2ac479fa66f79859d719) Importer(815301076,1909f56bfc062723c751e8b465ee728b)  -> (artifact id: '78b56a0b220c6c786239ad33f27f8bb6') in 0.057838 seconds 
========================================================================
Received Import Request.
  Time since last request: 0.000023 seconds.
  path: Assets/Assets/Nature/Nature/tree_k.fbx
  artifactKey: Guid(f9f7079375b9f594cbb8e49da61fc719) Importer(815301076,1909f56bfc062723c751e8b465ee728b)
Start importing Assets/Assets/Nature/Nature/tree_k.fbx using Guid(f9f7079375b9f594cbb8e49da61fc719) Importer(815301076,1909f56bfc062723c751e8b465ee728b)  -> (artifact id: '72fb4d0c4955ad104ccc0bdde7e6f2fb') in 0.034425 seconds 
========================================================================
Received Import Request.
  Time since last request: 0.000019 seconds.
  path: Assets/Assets/Nature/Nature/tree_h.fbx
  artifactKey: Guid(fd8085ede81f6dd4481420a9e77b93c9) Importer(815301076,1909f56bfc062723c751e8b465ee728b)
Start importing Assets/Assets/Nature/Nature/tree_h.fbx using Guid(fd8085ede81f6dd4481420a9e77b93c9) Importer(815301076,1909f56bfc062723c751e8b465ee728b)  -> (artifact id: '7d8d2d1431c1a2fe8806b6915cc910ab') in 0.043208 seconds 
========================================================================
Received Import Request.
  Time since last request: 0.000033 seconds.
  path: Assets/Assets/Nature/Nature/grass02.PSD
  artifactKey: Guid(3cb61207a9bdaf9478ba2bf776f28693) Importer(815301076,1909f56bfc062723c751e8b465ee728b)
Start importing Assets/Assets/Nature/Nature/grass02.PSD using Guid(3cb61207a9bdaf9478ba2bf776f28693) Importer(815301076,1909f56bfc062723c751e8b465ee728b)  -> (artifact id: '9397e32b0d4675dbae14efbb7710ec17') in 0.017239 seconds 
========================================================================
Received Import Request.
  Time since last request: 0.000022 seconds.
  path: Assets/Assets/Nature/Nature/grass03.PSD
  artifactKey: Guid(231de24365ebaa94babdcd1ee8b1ce1a) Importer(815301076,1909f56bfc062723c751e8b465ee728b)
Start importing Assets/Assets/Nature/Nature/grass03.PSD using Guid(231de24365ebaa94babdcd1ee8b1ce1a) Importer(815301076,1909f56bfc062723c751e8b465ee728b)  -> (artifact id: 'ed6ae824dcf59ed5d8dd9f89f6fb8601') in 0.018332 seconds 
========================================================================
Received Import Request.
  Time since last request: 0.000031 seconds.
  path: Assets/Assets/Nature/Nature/foliage07.psd
  artifactKey: Guid(29dd50bf784368c4abc407c60bf61519) Importer(815301076,1909f56bfc062723c751e8b465ee728b)
Start importing Assets/Assets/Nature/Nature/foliage07.psd using Guid(29dd50bf784368c4abc407c60bf61519) Importer(815301076,1909f56bfc062723c751e8b465ee728b)  -> (artifact id: 'e7f983164b3cbd3662a9ad92ab7c642d') in 0.030010 seconds 
Editor requested this worker to shutdown with reason: Scaling down because of idle timeout
AssetImportWorker is now disconnected from the server
Process exiting
Exiting without the bug reporter. Application will terminate with return code 0