Using pre-set license
Built from '2021.3/staging' branch; Version is '2021.3.18f1 (3129e69bc0c7) revision 3221990'; Using compiler version '192829333'; Build Type 'Release'
OS: 'Windows 11  (10.0.22000) 64bit Core' Language: 'en' Physical Memory: 16088 MB
BatchMode: 1, IsHumanControllingUs: 0, StartBugReporterOnCrash: 0, Is64bit: 1, IsPro: 1

COMMAND LINE ARGUMENTS:
C:\Program Files\Unity\Hub\Editor\2021.3.18f1\Editor\Unity.exe
-adb2
-batchMode
-noUpm
-name
AssetImportWorker9
-projectPath
C:/Users/joell/OneDrive/Desktop/ISA GIT/ISA/ISA Project
-logFile
Logs/AssetImportWorker9.log
-srvPort
60524
Successfully changed project path to: C:/Users/joell/OneDrive/Desktop/ISA GIT/ISA/ISA Project
C:/Users/joell/OneDrive/Desktop/ISA GIT/ISA/ISA Project
[UnityMemory] Configuration Parameters - Can be set up in boot.config
    "memorysetup-bucket-allocator-granularity=16"
    "memorysetup-bucket-allocator-bucket-count=8"
    "memorysetup-bucket-allocator-block-size=33554432"
    "memorysetup-bucket-allocator-block-count=8"
    "memorysetup-main-allocator-block-size=16777216"
    "memorysetup-thread-allocator-block-size=16777216"
    "memorysetup-gfx-main-allocator-block-size=16777216"
    "memorysetup-gfx-thread-allocator-block-size=16777216"
    "memorysetup-cache-allocator-block-size=4194304"
    "memorysetup-typetree-allocator-block-size=2097152"
    "memorysetup-profiler-bucket-allocator-granularity=16"
    "memorysetup-profiler-bucket-allocator-bucket-count=8"
    "memorysetup-profiler-bucket-allocator-block-size=33554432"
    "memorysetup-profiler-bucket-allocator-block-count=8"
    "memorysetup-profiler-allocator-block-size=16777216"
    "memorysetup-profiler-editor-allocator-block-size=1048576"
    "memorysetup-temp-allocator-size-main=16777216"
    "memorysetup-job-temp-allocator-block-size=2097152"
    "memorysetup-job-temp-allocator-block-size-background=1048576"
    "memorysetup-job-temp-allocator-reduction-small-platforms=262144"
    "memorysetup-temp-allocator-size-background-worker=32768"
    "memorysetup-temp-allocator-size-job-worker=262144"
    "memorysetup-temp-allocator-size-preload-manager=33554432"
    "memorysetup-temp-allocator-size-nav-mesh-worker=65536"
    "memorysetup-temp-allocator-size-audio-worker=65536"
    "memorysetup-temp-allocator-size-cloud-worker=32768"
    "memorysetup-temp-allocator-size-gi-baking-worker=262144"
    "memorysetup-temp-allocator-size-gfx=262144"
Player connection [15572] Host "[IP] 192.168.178.206 [Port] 0 [Flags] 2 [Guid] 1033741167 [EditorId] 1033741167 [Version] 1048832 [Id] WindowsEditor(7,MSI) [Debug] 1 [PackageName] WindowsEditor [ProjectName] Editor" joined multi-casting on [225.0.0.222:54997]...

Player connection [15572] Host "[IP] 192.168.178.206 [Port] 0 [Flags] 2 [Guid] 1033741167 [EditorId] 1033741167 [Version] 1048832 [Id] WindowsEditor(7,MSI) [Debug] 1 [PackageName] WindowsEditor [ProjectName] Editor" joined alternative multi-casting on [225.0.0.222:34997]...

Refreshing native plugins compatible for Editor in 48.06 ms, found 3 plugins.
Preloading 0 native plugins for Editor in 0.00 ms.
Initialize engine version: 2021.3.18f1 (3129e69bc0c7)
[Subsystems] Discovering subsystems at path C:/Program Files/Unity/Hub/Editor/2021.3.18f1/Editor/Data/Resources/UnitySubsystems
[Subsystems] Discovering subsystems at path C:/Users/joell/OneDrive/Desktop/ISA GIT/ISA/ISA Project/Assets
GfxDevice: creating device client; threaded=0; jobified=0
Direct3D:
    Version:  Direct3D 11.0 [level 11.1]
    Renderer: NVIDIA GeForce RTX 3070 Ti Laptop GPU (ID=0x24a0)
    Vendor:   NVIDIA
    VRAM:     8043 MB
    Driver:   30.0.15.1165
Initialize mono
Mono path[0] = 'C:/Program Files/Unity/Hub/Editor/2021.3.18f1/Editor/Data/Managed'
Mono path[1] = 'C:/Program Files/Unity/Hub/Editor/2021.3.18f1/Editor/Data/MonoBleedingEdge/lib/mono/unityjit-win32'
Mono config path = 'C:/Program Files/Unity/Hub/Editor/2021.3.18f1/Editor/Data/MonoBleedingEdge/etc'
Using monoOptions --debugger-agent=transport=dt_socket,embedding=1,server=y,suspend=n,address=127.0.0.1:56404
Begin MonoManager ReloadAssembly
Registering precompiled unity dll's ...
Register platform support module: C:/Program Files/Unity/Hub/Editor/2021.3.18f1/Editor/Data/PlaybackEngines/WindowsStandaloneSupport/UnityEditor.WindowsStandalone.Extensions.dll
Registered in 0.002154 seconds.
Native extension for WindowsStandalone target not found
Refreshing native plugins compatible for Editor in 43.98 ms, found 3 plugins.
Preloading 0 native plugins for Editor in 0.00 ms.
Mono: successfully reloaded assembly
- Completed reload, in  0.380 seconds
Domain Reload Profiling:
	ReloadAssembly (380ms)
		BeginReloadAssembly (46ms)
			ExecutionOrderSort (0ms)
			DisableScriptedObjects (0ms)
			BackupInstance (0ms)
			ReleaseScriptingObjects (0ms)
			CreateAndSetChildDomain (1ms)
		EndReloadAssembly (269ms)
			LoadAssemblies (44ms)
			RebuildTransferFunctionScriptingTraits (0ms)
			SetupTypeCache (61ms)
			ReleaseScriptCaches (0ms)
			RebuildScriptCaches (16ms)
			SetupLoadedEditorAssemblies (160ms)
				LogAssemblyErrors (0ms)
				InitializePlatformSupportModulesInManaged (5ms)
				SetLoadedEditorAssemblies (0ms)
				RefreshPlugins (44ms)
				BeforeProcessingInitializeOnLoad (1ms)
				ProcessInitializeOnLoadAttributes (83ms)
				ProcessInitializeOnLoadMethodAttributes (28ms)
				AfterProcessingInitializeOnLoad (0ms)
				EditorAssembliesLoaded (0ms)
			ExecutionOrderSort2 (0ms)
			AwakeInstancesAfterBackupRestoration (0ms)
Platform modules already initialized, skipping
Registering precompiled user dll's ...
Registered in 0.002097 seconds.
Begin MonoManager ReloadAssembly
Symbol file LoadedFromMemory doesn't match image C:\Users\joell\OneDrive\Desktop\ISA GIT\ISA\ISA Project\Library\PackageCache\com.unity.visualscripting@1.8.0\Editor\VisualScripting.Core\Dependencies\YamlDotNet\Unity.VisualScripting.YamlDotNet.dll
Symbol file LoadedFromMemory doesn't match image C:\Users\joell\OneDrive\Desktop\ISA GIT\ISA\ISA Project\Library\PackageCache\com.unity.visualscripting@1.8.0\Editor\VisualScripting.Core\Dependencies\DotNetZip\Unity.VisualScripting.IonicZip.dll
Native extension for WindowsStandalone target not found
Refreshing native plugins compatible for Editor in 0.46 ms, found 3 plugins.
Preloading 0 native plugins for Editor in 0.00 ms.
Mono: successfully reloaded assembly
- Completed reload, in  0.593 seconds
Domain Reload Profiling:
	ReloadAssembly (594ms)
		BeginReloadAssembly (66ms)
			ExecutionOrderSort (0ms)
			DisableScriptedObjects (4ms)
			BackupInstance (0ms)
			ReleaseScriptingObjects (0ms)
			CreateAndSetChildDomain (12ms)
		EndReloadAssembly (458ms)
			LoadAssemblies (47ms)
			RebuildTransferFunctionScriptingTraits (0ms)
			SetupTypeCache (152ms)
			ReleaseScriptCaches (0ms)
			RebuildScriptCaches (29ms)
			SetupLoadedEditorAssemblies (206ms)
				LogAssemblyErrors (0ms)
				InitializePlatformSupportModulesInManaged (3ms)
				SetLoadedEditorAssemblies (0ms)
				RefreshPlugins (1ms)
				BeforeProcessingInitializeOnLoad (47ms)
				ProcessInitializeOnLoadAttributes (139ms)
				ProcessInitializeOnLoadMethodAttributes (13ms)
				AfterProcessingInitializeOnLoad (3ms)
				EditorAssembliesLoaded (0ms)
			ExecutionOrderSort2 (0ms)
			AwakeInstancesAfterBackupRestoration (4ms)
Platform modules already initialized, skipping
========================================================================
Worker process is ready to serve import requests
Launched and connected shader compiler UnityShaderCompiler.exe after 0.03 seconds
Refreshing native plugins compatible for Editor in 0.41 ms, found 3 plugins.
Preloading 0 native plugins for Editor in 0.00 ms.
Unloading 3054 Unused Serialized files (Serialized files now loaded: 0)
Unloading 24 unused Assets / (114.1 KB). Loaded Objects now: 3539.
Memory consumption went from 119.9 MB to 119.8 MB.
Total: 2.313500 ms (FindLiveObjects: 0.172600 ms CreateObjectMapping: 0.063600 ms MarkObjects: 1.990600 ms  DeleteObjects: 0.085400 ms)

AssetImportParameters requested are different than current active one (requested -> active):
  custom:video-decoder-ogg-theora: a1e56fd34408186e4bbccfd4996cb3dc -> 
  custom:container-muxer-webm: aa71ff27fc2769a1b78a27578f13a17b -> 
  custom:container-demuxer-webm: 4f35f7cbe854078d1ac9338744f61a02 -> 
  custom:video-encoder-webm-vp8: eb34c28f22e8b96e1ab97ce403110664 -> 
  custom:audio-encoder-webm-vorbis: bf7c407c2cedff20999df2af8eb42d56 -> 
  custom:framework-win-MediaFoundation: 216162199b28c13a410421893ffa2e32 -> 
  custom:container-demuxer-ogg: 62fdf1f143b41e24485cea50d1cbac27 -> 
  custom:video-decoder-webm-vp8: 9c59270c3fd7afecdb556c50c9e8de78 -> 
  custom:audio-decoder-ogg-vorbis: bf7c407c2cedff20999df2af8eb42d56 -> 
========================================================================
Received Prepare
Registering precompiled user dll's ...
Registered in 0.002416 seconds.
Begin MonoManager ReloadAssembly
Symbol file LoadedFromMemory doesn't match image C:\Users\joell\OneDrive\Desktop\ISA GIT\ISA\ISA Project\Library\PackageCache\com.unity.visualscripting@1.8.0\Editor\VisualScripting.Core\Dependencies\YamlDotNet\Unity.VisualScripting.YamlDotNet.dll
Symbol file LoadedFromMemory doesn't match image C:\Users\joell\OneDrive\Desktop\ISA GIT\ISA\ISA Project\Library\PackageCache\com.unity.visualscripting@1.8.0\Editor\VisualScripting.Core\Dependencies\DotNetZip\Unity.VisualScripting.IonicZip.dll
Native extension for WindowsStandalone target not found
Refreshing native plugins compatible for Editor in 0.40 ms, found 3 plugins.
Preloading 0 native plugins for Editor in 0.00 ms.
Mono: successfully reloaded assembly
- Completed reload, in  0.646 seconds
Domain Reload Profiling:
	ReloadAssembly (647ms)
		BeginReloadAssembly (102ms)
			ExecutionOrderSort (0ms)
			DisableScriptedObjects (4ms)
			BackupInstance (0ms)
			ReleaseScriptingObjects (0ms)
			CreateAndSetChildDomain (28ms)
		EndReloadAssembly (482ms)
			LoadAssemblies (51ms)
			RebuildTransferFunctionScriptingTraits (0ms)
			SetupTypeCache (165ms)
			ReleaseScriptCaches (1ms)
			RebuildScriptCaches (29ms)
			SetupLoadedEditorAssemblies (206ms)
				LogAssemblyErrors (0ms)
				InitializePlatformSupportModulesInManaged (9ms)
				SetLoadedEditorAssemblies (0ms)
				RefreshPlugins (0ms)
				BeforeProcessingInitializeOnLoad (39ms)
				ProcessInitializeOnLoadAttributes (141ms)
				ProcessInitializeOnLoadMethodAttributes (14ms)
				AfterProcessingInitializeOnLoad (3ms)
				EditorAssembliesLoaded (0ms)
			ExecutionOrderSort2 (0ms)
			AwakeInstancesAfterBackupRestoration (4ms)
Platform modules already initialized, skipping
Refreshing native plugins compatible for Editor in 1.07 ms, found 3 plugins.
Preloading 0 native plugins for Editor in 0.00 ms.
Unloading 3047 Unused Serialized files (Serialized files now loaded: 0)
Unloading 17 unused Assets / (80.6 KB). Loaded Objects now: 3542.
Memory consumption went from 119.6 MB to 119.5 MB.
Total: 2.054600 ms (FindLiveObjects: 0.158500 ms CreateObjectMapping: 0.072400 ms MarkObjects: 1.758000 ms  DeleteObjects: 0.065000 ms)

AssetImportParameters requested are different than current active one (requested -> active):
  custom:video-decoder-ogg-theora: a1e56fd34408186e4bbccfd4996cb3dc -> 
  custom:container-muxer-webm: aa71ff27fc2769a1b78a27578f13a17b -> 
  custom:container-demuxer-webm: 4f35f7cbe854078d1ac9338744f61a02 -> 
  custom:video-encoder-webm-vp8: eb34c28f22e8b96e1ab97ce403110664 -> 
  custom:audio-encoder-webm-vorbis: bf7c407c2cedff20999df2af8eb42d56 -> 
  custom:framework-win-MediaFoundation: 216162199b28c13a410421893ffa2e32 -> 
  custom:container-demuxer-ogg: 62fdf1f143b41e24485cea50d1cbac27 -> 
  custom:video-decoder-webm-vp8: 9c59270c3fd7afecdb556c50c9e8de78 -> 
  custom:audio-decoder-ogg-vorbis: bf7c407c2cedff20999df2af8eb42d56 -> 
========================================================================
Received Import Request.
  Time since last request: 818020.006514 seconds.
  path: Assets/MagicMirror/Prefab/MirrorBorder.png
  artifactKey: Guid(dfe449fc75e695a44ad068b38fa7ac0a) Importer(815301076,1909f56bfc062723c751e8b465ee728b)
Start importing Assets/MagicMirror/Prefab/MirrorBorder.png using Guid(dfe449fc75e695a44ad068b38fa7ac0a) Importer(815301076,1909f56bfc062723c751e8b465ee728b)  -> (artifact id: 'e3b952909cb73b1269e44e50147ba321') in 0.074885 seconds 
========================================================================
Received Import Request.
  Time since last request: 0.000024 seconds.
  path: Assets/MagicMirror/Prefab/MirrorTextureNormalMap.jpg
  artifactKey: Guid(483fa56b44d017444ac0c6010bc08b47) Importer(815301076,1909f56bfc062723c751e8b465ee728b)
Start importing Assets/MagicMirror/Prefab/MirrorTextureNormalMap.jpg using Guid(483fa56b44d017444ac0c6010bc08b47) Importer(815301076,1909f56bfc062723c751e8b465ee728b)  -> (artifact id: 'b940406079d699020ec0c56885c7bef0') in 0.032806 seconds 
========================================================================
Received Import Request.
  Time since last request: 0.000019 seconds.
  path: Assets/MagicMirror/Prefab/MirrorMaterial.mat
  artifactKey: Guid(232c0653700ee46418c8a4a6f0402d92) Importer(815301076,1909f56bfc062723c751e8b465ee728b)
Start importing Assets/MagicMirror/Prefab/MirrorMaterial.mat using Guid(232c0653700ee46418c8a4a6f0402d92) Importer(815301076,1909f56bfc062723c751e8b465ee728b)  -> (artifact id: 'ca2f67c6d66e961965d7ea33d9d042d8') in 0.104672 seconds 
========================================================================
Received Import Request.
  Time since last request: 0.000018 seconds.
  path: Assets/MagicMirror/Prefab/MirrorTexture.jpg
  artifactKey: Guid(fda2acf1bd029a24dab1b86bbac260e1) Importer(815301076,1909f56bfc062723c751e8b465ee728b)
Start importing Assets/MagicMirror/Prefab/MirrorTexture.jpg using Guid(fda2acf1bd029a24dab1b86bbac260e1) Importer(815301076,1909f56bfc062723c751e8b465ee728b)  -> (artifact id: '208d86362ac4290bd6f3390d0071fe44') in 0.020298 seconds 
========================================================================
Received Import Request.
  Time since last request: 0.000026 seconds.
  path: Assets/MagicMirror/Prefab/MirrorDetailMaterial.mat
  artifactKey: Guid(5bf5f776d303c9543be8af0b7d5b52b0) Importer(815301076,1909f56bfc062723c751e8b465ee728b)
Start importing Assets/MagicMirror/Prefab/MirrorDetailMaterial.mat using Guid(5bf5f776d303c9543be8af0b7d5b52b0) Importer(815301076,1909f56bfc062723c751e8b465ee728b)  -> (artifact id: 'eb97955aac4c767f275efe88becfffab') in 0.157903 seconds 
========================================================================
Received Import Request.
  Time since last request: 0.000021 seconds.
  path: Assets/MagicMirror/Prefab/MirrorChild.prefab
  artifactKey: Guid(1ce49965b4f65fb4e8f1fedc56784c68) Importer(815301076,1909f56bfc062723c751e8b465ee728b)
Start importing Assets/MagicMirror/Prefab/MirrorChild.prefab using Guid(1ce49965b4f65fb4e8f1fedc56784c68) Importer(815301076,1909f56bfc062723c751e8b465ee728b)  -> (artifact id: '17e78fe8e1eb0db3b58a246089f23ed0') in 0.011420 seconds 
========================================================================
Received Import Request.
  Time since last request: 5.684320 seconds.
  path: Assets/MagicMirror/Demo/Ceiling1-NormalMap.jpg
  artifactKey: Guid(d36c47a2fc27964468a3572c7581b353) Importer(815301076,1909f56bfc062723c751e8b465ee728b)
Start importing Assets/MagicMirror/Demo/Ceiling1-NormalMap.jpg using Guid(d36c47a2fc27964468a3572c7581b353) Importer(815301076,1909f56bfc062723c751e8b465ee728b)  -> (artifact id: 'd0a3474718603186a81e243c117ba01b') in 0.012846 seconds 
========================================================================
Received Import Request.
  Time since last request: 0.000027 seconds.
  path: Assets/MagicMirror/Demo/OrangeBrick-ColorMap.png
  artifactKey: Guid(1b92b7eadaacf8144b9fea8a65b13b2f) Importer(815301076,1909f56bfc062723c751e8b465ee728b)
Start importing Assets/MagicMirror/Demo/OrangeBrick-ColorMap.png using Guid(1b92b7eadaacf8144b9fea8a65b13b2f) Importer(815301076,1909f56bfc062723c751e8b465ee728b)  -> (artifact id: 'dd9cdf6a9d87459d47e56f2a5ea0581e') in 0.017532 seconds 
========================================================================
Received Import Request.
  Time since last request: 0.000026 seconds.
  path: Assets/MagicMirror/Demo/DemoMaterial2.mat
  artifactKey: Guid(4789aadd8efebd7469ead939cb9dffeb) Importer(815301076,1909f56bfc062723c751e8b465ee728b)
Start importing Assets/MagicMirror/Demo/DemoMaterial2.mat using Guid(4789aadd8efebd7469ead939cb9dffeb) Importer(815301076,1909f56bfc062723c751e8b465ee728b)  -> (artifact id: '1c106a329bdd78d08091265cfa89b5b0') in 0.013331 seconds 
========================================================================
Received Import Request.
  Time since last request: 0.000028 seconds.
  path: Assets/MagicMirror/Demo/DemoMaterial1.mat
  artifactKey: Guid(c2689f85d58b6b0408989a116d4adca4) Importer(815301076,1909f56bfc062723c751e8b465ee728b)
Start importing Assets/MagicMirror/Demo/DemoMaterial1.mat using Guid(c2689f85d58b6b0408989a116d4adca4) Importer(815301076,1909f56bfc062723c751e8b465ee728b)  -> (artifact id: '51a063e13128640b5e10c6afc165d9b8') in 0.012667 seconds 
========================================================================
Received Import Request.
  Time since last request: 0.000014 seconds.
  path: Assets/MagicMirror/Demo/DemoTexture1.renderTexture
  artifactKey: Guid(ee86928849ca70d4a8721756ef035d5a) Importer(815301076,1909f56bfc062723c751e8b465ee728b)
Start importing Assets/MagicMirror/Demo/DemoTexture1.renderTexture using Guid(ee86928849ca70d4a8721756ef035d5a) Importer(815301076,1909f56bfc062723c751e8b465ee728b)  -> (artifact id: '11fe618b36efe195826c71a6d16b07d9') in 0.021402 seconds 
========================================================================
Received Import Request.
  Time since last request: 0.000018 seconds.
  path: Assets/MagicMirror/Demo/WallMaterial1.mat
  artifactKey: Guid(13cb7c8eca89404418087021045270f6) Importer(815301076,1909f56bfc062723c751e8b465ee728b)
Start importing Assets/MagicMirror/Demo/WallMaterial1.mat using Guid(13cb7c8eca89404418087021045270f6) Importer(815301076,1909f56bfc062723c751e8b465ee728b)  -> (artifact id: 'ca5b0cec3543b3ad94646c1ac3a37ab2') in 0.143235 seconds 
Editor requested this worker to shutdown with reason: Scaling down because of idle timeout
AssetImportWorker is now disconnected from the server
Process exiting
Exiting without the bug reporter. Application will terminate with return code 0