Using pre-set license
Built from '2021.3/staging' branch; Version is '2021.3.18f1 (3129e69bc0c7) revision 3221990'; Using compiler version '192829333'; Build Type 'Release'
OS: 'Windows 11  (10.0.22000) 64bit Core' Language: 'en' Physical Memory: 16088 MB
BatchMode: 1, IsHumanControllingUs: 0, StartBugReporterOnCrash: 0, Is64bit: 1, IsPro: 1

COMMAND LINE ARGUMENTS:
C:\Program Files\Unity\Hub\Editor\2021.3.18f1\Editor\Unity.exe
-adb2
-batchMode
-noUpm
-name
AssetImportWorker0
-projectPath
C:/Users/joell/OneDrive/Desktop/ISA GIT/ISA/ISA Project
-logFile
Logs/AssetImportWorker0.log
-srvPort
60524
Successfully changed project path to: C:/Users/joell/OneDrive/Desktop/ISA GIT/ISA/ISA Project
C:/Users/joell/OneDrive/Desktop/ISA GIT/ISA/ISA Project
[UnityMemory] Configuration Parameters - Can be set up in boot.config
    "memorysetup-bucket-allocator-granularity=16"
    "memorysetup-bucket-allocator-bucket-count=8"
    "memorysetup-bucket-allocator-block-size=33554432"
    "memorysetup-bucket-allocator-block-count=8"
    "memorysetup-main-allocator-block-size=16777216"
    "memorysetup-thread-allocator-block-size=16777216"
    "memorysetup-gfx-main-allocator-block-size=16777216"
    "memorysetup-gfx-thread-allocator-block-size=16777216"
    "memorysetup-cache-allocator-block-size=4194304"
    "memorysetup-typetree-allocator-block-size=2097152"
    "memorysetup-profiler-bucket-allocator-granularity=16"
    "memorysetup-profiler-bucket-allocator-bucket-count=8"
    "memorysetup-profiler-bucket-allocator-block-size=33554432"
    "memorysetup-profiler-bucket-allocator-block-count=8"
    "memorysetup-profiler-allocator-block-size=16777216"
    "memorysetup-profiler-editor-allocator-block-size=1048576"
    "memorysetup-temp-allocator-size-main=16777216"
    "memorysetup-job-temp-allocator-block-size=2097152"
    "memorysetup-job-temp-allocator-block-size-background=1048576"
    "memorysetup-job-temp-allocator-reduction-small-platforms=262144"
    "memorysetup-temp-allocator-size-background-worker=32768"
    "memorysetup-temp-allocator-size-job-worker=262144"
    "memorysetup-temp-allocator-size-preload-manager=33554432"
    "memorysetup-temp-allocator-size-nav-mesh-worker=65536"
    "memorysetup-temp-allocator-size-audio-worker=65536"
    "memorysetup-temp-allocator-size-cloud-worker=32768"
    "memorysetup-temp-allocator-size-gi-baking-worker=262144"
    "memorysetup-temp-allocator-size-gfx=262144"
Player connection [18192] Host "[IP] 192.168.178.206 [Port] 0 [Flags] 2 [Guid] 2995737548 [EditorId] 2995737548 [Version] 1048832 [Id] WindowsEditor(7,MSI) [Debug] 1 [PackageName] WindowsEditor [ProjectName] Editor" joined multi-casting on [225.0.0.222:54997]...

Player connection [18192] Host "[IP] 192.168.178.206 [Port] 0 [Flags] 2 [Guid] 2995737548 [EditorId] 2995737548 [Version] 1048832 [Id] WindowsEditor(7,MSI) [Debug] 1 [PackageName] WindowsEditor [ProjectName] Editor" joined alternative multi-casting on [225.0.0.222:34997]...

Refreshing native plugins compatible for Editor in 50.28 ms, found 3 plugins.
Preloading 0 native plugins for Editor in 0.00 ms.
Initialize engine version: 2021.3.18f1 (3129e69bc0c7)
[Subsystems] Discovering subsystems at path C:/Program Files/Unity/Hub/Editor/2021.3.18f1/Editor/Data/Resources/UnitySubsystems
[Subsystems] Discovering subsystems at path C:/Users/joell/OneDrive/Desktop/ISA GIT/ISA/ISA Project/Assets
GfxDevice: creating device client; threaded=0; jobified=0
Direct3D:
    Version:  Direct3D 11.0 [level 11.1]
    Renderer: NVIDIA GeForce RTX 3070 Ti Laptop GPU (ID=0x24a0)
    Vendor:   NVIDIA
    VRAM:     8043 MB
    Driver:   30.0.15.1165
Initialize mono
Mono path[0] = 'C:/Program Files/Unity/Hub/Editor/2021.3.18f1/Editor/Data/Managed'
Mono path[1] = 'C:/Program Files/Unity/Hub/Editor/2021.3.18f1/Editor/Data/MonoBleedingEdge/lib/mono/unityjit-win32'
Mono config path = 'C:/Program Files/Unity/Hub/Editor/2021.3.18f1/Editor/Data/MonoBleedingEdge/etc'
Using monoOptions --debugger-agent=transport=dt_socket,embedding=1,server=y,suspend=n,address=127.0.0.1:56660
Begin MonoManager ReloadAssembly
Registering precompiled unity dll's ...
Register platform support module: C:/Program Files/Unity/Hub/Editor/2021.3.18f1/Editor/Data/PlaybackEngines/WindowsStandaloneSupport/UnityEditor.WindowsStandalone.Extensions.dll
Registered in 0.002164 seconds.
Native extension for WindowsStandalone target not found
Refreshing native plugins compatible for Editor in 47.09 ms, found 3 plugins.
Preloading 0 native plugins for Editor in 0.00 ms.
Mono: successfully reloaded assembly
- Completed reload, in  0.400 seconds
Domain Reload Profiling:
	ReloadAssembly (400ms)
		BeginReloadAssembly (48ms)
			ExecutionOrderSort (0ms)
			DisableScriptedObjects (0ms)
			BackupInstance (0ms)
			ReleaseScriptingObjects (0ms)
			CreateAndSetChildDomain (1ms)
		EndReloadAssembly (285ms)
			LoadAssemblies (47ms)
			RebuildTransferFunctionScriptingTraits (0ms)
			SetupTypeCache (61ms)
			ReleaseScriptCaches (0ms)
			RebuildScriptCaches (17ms)
			SetupLoadedEditorAssemblies (176ms)
				LogAssemblyErrors (0ms)
				InitializePlatformSupportModulesInManaged (5ms)
				SetLoadedEditorAssemblies (0ms)
				RefreshPlugins (47ms)
				BeforeProcessingInitializeOnLoad (1ms)
				ProcessInitializeOnLoadAttributes (92ms)
				ProcessInitializeOnLoadMethodAttributes (30ms)
				AfterProcessingInitializeOnLoad (0ms)
				EditorAssembliesLoaded (0ms)
			ExecutionOrderSort2 (0ms)
			AwakeInstancesAfterBackupRestoration (0ms)
Platform modules already initialized, skipping
Registering precompiled user dll's ...
Registered in 0.002404 seconds.
Begin MonoManager ReloadAssembly
Symbol file LoadedFromMemory doesn't match image C:\Users\joell\OneDrive\Desktop\ISA GIT\ISA\ISA Project\Library\PackageCache\com.unity.visualscripting@1.8.0\Editor\VisualScripting.Core\Dependencies\YamlDotNet\Unity.VisualScripting.YamlDotNet.dll
Symbol file LoadedFromMemory doesn't match image C:\Users\joell\OneDrive\Desktop\ISA GIT\ISA\ISA Project\Library\PackageCache\com.unity.visualscripting@1.8.0\Editor\VisualScripting.Core\Dependencies\DotNetZip\Unity.VisualScripting.IonicZip.dll
Native extension for WindowsStandalone target not found
Refreshing native plugins compatible for Editor in 0.34 ms, found 3 plugins.
Preloading 0 native plugins for Editor in 0.00 ms.
Mono: successfully reloaded assembly
- Completed reload, in  0.621 seconds
Domain Reload Profiling:
	ReloadAssembly (622ms)
		BeginReloadAssembly (71ms)
			ExecutionOrderSort (0ms)
			DisableScriptedObjects (3ms)
			BackupInstance (0ms)
			ReleaseScriptingObjects (0ms)
			CreateAndSetChildDomain (13ms)
		EndReloadAssembly (479ms)
			LoadAssemblies (55ms)
			RebuildTransferFunctionScriptingTraits (0ms)
			SetupTypeCache (155ms)
			ReleaseScriptCaches (0ms)
			RebuildScriptCaches (31ms)
			SetupLoadedEditorAssemblies (217ms)
				LogAssemblyErrors (0ms)
				InitializePlatformSupportModulesInManaged (3ms)
				SetLoadedEditorAssemblies (0ms)
				RefreshPlugins (0ms)
				BeforeProcessingInitializeOnLoad (46ms)
				ProcessInitializeOnLoadAttributes (152ms)
				ProcessInitializeOnLoadMethodAttributes (12ms)
				AfterProcessingInitializeOnLoad (3ms)
				EditorAssembliesLoaded (0ms)
			ExecutionOrderSort2 (0ms)
			AwakeInstancesAfterBackupRestoration (4ms)
Platform modules already initialized, skipping
========================================================================
Worker process is ready to serve import requests
Launched and connected shader compiler UnityShaderCompiler.exe after 0.03 seconds
Refreshing native plugins compatible for Editor in 0.59 ms, found 3 plugins.
Preloading 0 native plugins for Editor in 0.00 ms.
Unloading 3048 Unused Serialized files (Serialized files now loaded: 0)
Unloading 24 unused Assets / (113.6 KB). Loaded Objects now: 3533.
Memory consumption went from 119.5 MB to 119.4 MB.
Total: 3.696500 ms (FindLiveObjects: 0.295100 ms CreateObjectMapping: 0.103900 ms MarkObjects: 3.143000 ms  DeleteObjects: 0.153100 ms)

AssetImportParameters requested are different than current active one (requested -> active):
  custom:video-decoder-ogg-theora: a1e56fd34408186e4bbccfd4996cb3dc -> 
  custom:container-muxer-webm: aa71ff27fc2769a1b78a27578f13a17b -> 
  custom:container-demuxer-webm: 4f35f7cbe854078d1ac9338744f61a02 -> 
  custom:video-encoder-webm-vp8: eb34c28f22e8b96e1ab97ce403110664 -> 
  custom:audio-encoder-webm-vorbis: bf7c407c2cedff20999df2af8eb42d56 -> 
  custom:framework-win-MediaFoundation: 216162199b28c13a410421893ffa2e32 -> 
  custom:container-demuxer-ogg: 62fdf1f143b41e24485cea50d1cbac27 -> 
  custom:video-decoder-webm-vp8: 9c59270c3fd7afecdb556c50c9e8de78 -> 
  custom:audio-decoder-ogg-vorbis: bf7c407c2cedff20999df2af8eb42d56 -> 
========================================================================
Received Import Request.
  Time since last request: 816457.498962 seconds.
  path: Assets/Assets/LowPolyOfficeProps_LITE
  artifactKey: Guid(5f562873c560b9b40995444e377db7a8) Importer(815301076,1909f56bfc062723c751e8b465ee728b)
Start importing Assets/Assets/LowPolyOfficeProps_LITE using Guid(5f562873c560b9b40995444e377db7a8) Importer(815301076,1909f56bfc062723c751e8b465ee728b)  -> (artifact id: 'ac2f267fb67ec32a417c08ee88e900e8') in 0.010859 seconds 
========================================================================
Received Import Request.
  Time since last request: 7.143283 seconds.
  path: Assets/Assets/Desk
  artifactKey: Guid(5f562873c560b9b40995444e377db7a8) Importer(815301076,1909f56bfc062723c751e8b465ee728b)
Start importing Assets/Assets/Desk using Guid(5f562873c560b9b40995444e377db7a8) Importer(815301076,1909f56bfc062723c751e8b465ee728b)  -> (artifact id: '5232752b28191faafdb4ea2b97b0737e') in 0.018071 seconds 
========================================================================
Received Import Request.
  Time since last request: 6.170234 seconds.
  path: Assets/Assets/Desk/Prefabs
  artifactKey: Guid(ce44833ddb2fe684f874b123d04d6ad8) Importer(815301076,1909f56bfc062723c751e8b465ee728b)
Start importing Assets/Assets/Desk/Prefabs using Guid(ce44833ddb2fe684f874b123d04d6ad8) Importer(815301076,1909f56bfc062723c751e8b465ee728b)  -> (artifact id: '2072f0b058e5717f043d1a4039a884bc') in 0.009820 seconds 
========================================================================
Received Import Request.
  Time since last request: 0.076217 seconds.
  path: Assets/Assets/Desk/Prefabs/Briefcase.prefab
  artifactKey: Guid(1f1181424ea20d64ea8a1054356fb358) Importer(815301076,1909f56bfc062723c751e8b465ee728b)
Start importing Assets/Assets/Desk/Prefabs/Briefcase.prefab using Guid(1f1181424ea20d64ea8a1054356fb358) Importer(815301076,1909f56bfc062723c751e8b465ee728b)  -> (artifact id: 'e7ba71b7f6533dae8b25892c98eb4f65') in 0.196598 seconds 
========================================================================
Received Import Request.
  Time since last request: 0.000018 seconds.
  path: Assets/Assets/Desk/Prefabs/Chair_DeskChair_Purple.prefab
  artifactKey: Guid(e09a754dc686e734eb3b914283c8f5ce) Importer(815301076,1909f56bfc062723c751e8b465ee728b)
Start importing Assets/Assets/Desk/Prefabs/Chair_DeskChair_Purple.prefab using Guid(e09a754dc686e734eb3b914283c8f5ce) Importer(815301076,1909f56bfc062723c751e8b465ee728b)  -> (artifact id: '6a073e57c2f4a43af3819829451a865b') in 0.023763 seconds 
========================================================================
Received Import Request.
  Time since last request: 0.000023 seconds.
  path: Assets/Assets/Desk/Prefabs/PenLid.prefab
  artifactKey: Guid(95eea767e49458344b1f963160375d43) Importer(815301076,1909f56bfc062723c751e8b465ee728b)
Start importing Assets/Assets/Desk/Prefabs/PenLid.prefab using Guid(95eea767e49458344b1f963160375d43) Importer(815301076,1909f56bfc062723c751e8b465ee728b)  -> (artifact id: '4961aee6d231ec0c889b0a1da3eb1b14') in 0.023667 seconds 
========================================================================
Received Import Request.
  Time since last request: 0.000019 seconds.
  path: Assets/Assets/Desk/Prefabs/Table_OfficeDesk2.prefab
  artifactKey: Guid(cd74bf6cea4234840b01646a5b3f339a) Importer(815301076,1909f56bfc062723c751e8b465ee728b)
Start importing Assets/Assets/Desk/Prefabs/Table_OfficeDesk2.prefab using Guid(cd74bf6cea4234840b01646a5b3f339a) Importer(815301076,1909f56bfc062723c751e8b465ee728b)  -> (artifact id: '0123f39a88aae73679a33beaff5d3170') in 0.020474 seconds 
========================================================================
Received Import Request.
  Time since last request: 0.000017 seconds.
  path: Assets/Assets/Desk/Prefabs/Chair_Conference.prefab
  artifactKey: Guid(7d255bce5b634604dbc1ed9f1e878f20) Importer(815301076,1909f56bfc062723c751e8b465ee728b)
Start importing Assets/Assets/Desk/Prefabs/Chair_Conference.prefab using Guid(7d255bce5b634604dbc1ed9f1e878f20) Importer(815301076,1909f56bfc062723c751e8b465ee728b)  -> (artifact id: 'c1cccba6a6c05894967deba64b5fd6db') in 0.019325 seconds 
========================================================================
Received Import Request.
  Time since last request: 0.000018 seconds.
  path: Assets/Assets/Desk/Prefabs/Chair_Conference_Olive.prefab
  artifactKey: Guid(fe5121614a9f24d4ba9c5a3636ff4151) Importer(815301076,1909f56bfc062723c751e8b465ee728b)
Start importing Assets/Assets/Desk/Prefabs/Chair_Conference_Olive.prefab using Guid(fe5121614a9f24d4ba9c5a3636ff4151) Importer(815301076,1909f56bfc062723c751e8b465ee728b)  -> (artifact id: 'c1148a20f819fae3018a117e88204264') in 0.017408 seconds 
========================================================================
Received Import Request.
  Time since last request: 0.000024 seconds.
  path: Assets/Assets/Desk/Prefabs/Chair_Conference_Purple.prefab
  artifactKey: Guid(c42b35532e0b3ca428d6923660102d7c) Importer(815301076,1909f56bfc062723c751e8b465ee728b)
Start importing Assets/Assets/Desk/Prefabs/Chair_Conference_Purple.prefab using Guid(c42b35532e0b3ca428d6923660102d7c) Importer(815301076,1909f56bfc062723c751e8b465ee728b)  -> (artifact id: '3a71273024e8266cbbbcc01f7ce215c4') in 0.026085 seconds 
========================================================================
Received Import Request.
  Time since last request: 0.000034 seconds.
  path: Assets/Assets/Desk/Prefabs/Chair_DeskChair_Red.prefab
  artifactKey: Guid(1df03b106f100cd419dc3c0a744d2bb9) Importer(815301076,1909f56bfc062723c751e8b465ee728b)
Start importing Assets/Assets/Desk/Prefabs/Chair_DeskChair_Red.prefab using Guid(1df03b106f100cd419dc3c0a744d2bb9) Importer(815301076,1909f56bfc062723c751e8b465ee728b)  -> (artifact id: '1951d76cb7f01c72c831cad0788c8652') in 0.032732 seconds 
========================================================================
Received Import Request.
  Time since last request: 0.000030 seconds.
  path: Assets/Assets/Desk/Prefabs/PlantTypeA.prefab
  artifactKey: Guid(5016dee2f2df1774e9c4ea33160fca26) Importer(815301076,1909f56bfc062723c751e8b465ee728b)
Start importing Assets/Assets/Desk/Prefabs/PlantTypeA.prefab using Guid(5016dee2f2df1774e9c4ea33160fca26) Importer(815301076,1909f56bfc062723c751e8b465ee728b)  -> (artifact id: '252b36818206fade2bbcf1d0c48ff045') in 0.013029 seconds 
========================================================================
Received Import Request.
  Time since last request: 0.000020 seconds.
  path: Assets/Assets/Desk/Prefabs/Chair_DeskChair_Turquoise.prefab
  artifactKey: Guid(f7fd5bedd08c0bf4fa8553343dc88e7e) Importer(815301076,1909f56bfc062723c751e8b465ee728b)
Start importing Assets/Assets/Desk/Prefabs/Chair_DeskChair_Turquoise.prefab using Guid(f7fd5bedd08c0bf4fa8553343dc88e7e) Importer(815301076,1909f56bfc062723c751e8b465ee728b)  -> (artifact id: '6330dbdace9be8b0c07807013cb0cbe1') in 0.017056 seconds 
========================================================================
Received Import Request.
  Time since last request: 0.000028 seconds.
  path: Assets/Assets/Desk/Prefabs/Table_OfficeDesk.prefab
  artifactKey: Guid(683ef653b4b09b94993b7fd393c95978) Importer(815301076,1909f56bfc062723c751e8b465ee728b)
Start importing Assets/Assets/Desk/Prefabs/Table_OfficeDesk.prefab using Guid(683ef653b4b09b94993b7fd393c95978) Importer(815301076,1909f56bfc062723c751e8b465ee728b)  -> (artifact id: '29c7d648d603cdfeba64a35bac081838') in 0.012287 seconds 
========================================================================
Received Import Request.
  Time since last request: 0.000017 seconds.
  path: Assets/Assets/Desk/Prefabs/Chair_Office.prefab
  artifactKey: Guid(2ff7704997af3ca468ea39420cfd35ec) Importer(815301076,1909f56bfc062723c751e8b465ee728b)
Start importing Assets/Assets/Desk/Prefabs/Chair_Office.prefab using Guid(2ff7704997af3ca468ea39420cfd35ec) Importer(815301076,1909f56bfc062723c751e8b465ee728b)  -> (artifact id: '608af0e27e63ebc8958159158a2d25b1') in 0.015442 seconds 
========================================================================
Received Import Request.
  Time since last request: 0.000023 seconds.
  path: Assets/Assets/Desk/Prefabs/Chair_Conference_Violet.prefab
  artifactKey: Guid(a51df466658a0c44f9c9569a7834edc5) Importer(815301076,1909f56bfc062723c751e8b465ee728b)
Start importing Assets/Assets/Desk/Prefabs/Chair_Conference_Violet.prefab using Guid(a51df466658a0c44f9c9569a7834edc5) Importer(815301076,1909f56bfc062723c751e8b465ee728b)  -> (artifact id: 'e44323a15c47ead3161403b3b8735640') in 0.015564 seconds 
========================================================================
Received Import Request.
  Time since last request: 0.000016 seconds.
  path: Assets/Assets/Desk/Prefabs/Laptop_Off.prefab
  artifactKey: Guid(f0c2d9c0796a76d428d02150209c6d26) Importer(815301076,1909f56bfc062723c751e8b465ee728b)
Start importing Assets/Assets/Desk/Prefabs/Laptop_Off.prefab using Guid(f0c2d9c0796a76d428d02150209c6d26) Importer(815301076,1909f56bfc062723c751e8b465ee728b)  -> (artifact id: 'ffcfb84aa4580ee83c106d7bfc9402d6') in 0.012523 seconds 
========================================================================
Received Import Request.
  Time since last request: 0.000016 seconds.
  path: Assets/Assets/Desk/Prefabs/FilingCabinet_DrawerKeyLock.prefab
  artifactKey: Guid(3639bf5810525ab4fa32d65d1b6323a9) Importer(815301076,1909f56bfc062723c751e8b465ee728b)
Start importing Assets/Assets/Desk/Prefabs/FilingCabinet_DrawerKeyLock.prefab using Guid(3639bf5810525ab4fa32d65d1b6323a9) Importer(815301076,1909f56bfc062723c751e8b465ee728b)  -> (artifact id: '1cbeabfde8f988a60337aadf54958beb') in 0.010537 seconds 
========================================================================
Received Import Request.
  Time since last request: 0.000018 seconds.
  path: Assets/Assets/Desk/Prefabs/Laptop_On.prefab
  artifactKey: Guid(112cc81e36e745449bf229e4dbb3e073) Importer(815301076,1909f56bfc062723c751e8b465ee728b)
Start importing Assets/Assets/Desk/Prefabs/Laptop_On.prefab using Guid(112cc81e36e745449bf229e4dbb3e073) Importer(815301076,1909f56bfc062723c751e8b465ee728b)  -> (artifact id: '171bdda5525fad15893d72553519dafc') in 0.011956 seconds 
========================================================================
Received Import Request.
  Time since last request: 0.000026 seconds.
  path: Assets/Assets/Desk/Prefabs/Chair_DeskChair_Green.prefab
  artifactKey: Guid(0bdc1db6cb4c7a5429b33a0cc442a5af) Importer(815301076,1909f56bfc062723c751e8b465ee728b)
Start importing Assets/Assets/Desk/Prefabs/Chair_DeskChair_Green.prefab using Guid(0bdc1db6cb4c7a5429b33a0cc442a5af) Importer(815301076,1909f56bfc062723c751e8b465ee728b)  -> (artifact id: '702f04c96a04b2f266aa3fad1e889a54') in 0.012854 seconds 
========================================================================
Received Import Request.
  Time since last request: 0.000021 seconds.
  path: Assets/Assets/Desk/Prefabs/FilingCabinet_Drawer.prefab
  artifactKey: Guid(bf955aa6cf5b1774180125d6b6201b35) Importer(815301076,1909f56bfc062723c751e8b465ee728b)
Start importing Assets/Assets/Desk/Prefabs/FilingCabinet_Drawer.prefab using Guid(bf955aa6cf5b1774180125d6b6201b35) Importer(815301076,1909f56bfc062723c751e8b465ee728b)  -> (artifact id: '6e3c987fdc164d08107e34bb91607ebd') in 0.012334 seconds 
========================================================================
Received Import Request.
  Time since last request: 0.000024 seconds.
  path: Assets/Assets/Desk/Prefabs/Chair_Office_Violet.prefab
  artifactKey: Guid(74da286b950020745b667e6d613b1b8e) Importer(815301076,1909f56bfc062723c751e8b465ee728b)
Start importing Assets/Assets/Desk/Prefabs/Chair_Office_Violet.prefab using Guid(74da286b950020745b667e6d613b1b8e) Importer(815301076,1909f56bfc062723c751e8b465ee728b)  -> (artifact id: '8180d4a747c464b4275daab1cbe2021b') in 0.012371 seconds 
========================================================================
Received Import Request.
  Time since last request: 0.000019 seconds.
  path: Assets/Assets/Desk/Prefabs/Umbrella_Open.prefab
  artifactKey: Guid(40b06279c59767642a5c0e96f8835280) Importer(815301076,1909f56bfc062723c751e8b465ee728b)
Start importing Assets/Assets/Desk/Prefabs/Umbrella_Open.prefab using Guid(40b06279c59767642a5c0e96f8835280) Importer(815301076,1909f56bfc062723c751e8b465ee728b)  -> (artifact id: '65f0b3bf6608da5635e5c0a60b9efec4') in 0.013169 seconds 
========================================================================
Received Import Request.
  Time since last request: 0.000053 seconds.
  path: Assets/Assets/Desk/Prefabs/Chair_Conference_Green.prefab
  artifactKey: Guid(f0fd1300e91d2bf43b23bde299755026) Importer(815301076,1909f56bfc062723c751e8b465ee728b)
Start importing Assets/Assets/Desk/Prefabs/Chair_Conference_Green.prefab using Guid(f0fd1300e91d2bf43b23bde299755026) Importer(815301076,1909f56bfc062723c751e8b465ee728b)  -> (artifact id: 'bc6a96afc706694b7045b0bac005fd18') in 0.012795 seconds 
========================================================================
Received Import Request.
  Time since last request: 0.000022 seconds.
  path: Assets/Assets/Desk/Prefabs/FilingCabinetThreeStack_Case.prefab
  artifactKey: Guid(4f34910326e789e4f9b1781fe5d280e8) Importer(815301076,1909f56bfc062723c751e8b465ee728b)
Start importing Assets/Assets/Desk/Prefabs/FilingCabinetThreeStack_Case.prefab using Guid(4f34910326e789e4f9b1781fe5d280e8) Importer(815301076,1909f56bfc062723c751e8b465ee728b)  -> (artifact id: '4f8e1a367f38807076a1c111d3146439') in 0.013009 seconds 
Editor requested this worker to shutdown with reason: Scaling down because of idle timeout
AssetImportWorker is now disconnected from the server
Process exiting
Exiting without the bug reporter. Application will terminate with return code 0