Using pre-set license
Built from '2021.3/staging' branch; Version is '2021.3.18f1 (3129e69bc0c7) revision 3221990'; Using compiler version '192829333'; Build Type 'Release'
OS: 'Windows 11  (10.0.22000) 64bit Core' Language: 'en' Physical Memory: 16088 MB
BatchMode: 1, IsHumanControllingUs: 0, StartBugReporterOnCrash: 0, Is64bit: 1, IsPro: 1

COMMAND LINE ARGUMENTS:
C:\Program Files\Unity\Hub\Editor\2021.3.18f1\Editor\Unity.exe
-adb2
-batchMode
-noUpm
-name
AssetImportWorker11
-projectPath
C:/Users/joell/OneDrive/Desktop/ISA GIT/ISA/ISA Project
-logFile
Logs/AssetImportWorker11.log
-srvPort
63287
Successfully changed project path to: C:/Users/joell/OneDrive/Desktop/ISA GIT/ISA/ISA Project
C:/Users/joell/OneDrive/Desktop/ISA GIT/ISA/ISA Project
[UnityMemory] Configuration Parameters - Can be set up in boot.config
    "memorysetup-bucket-allocator-granularity=16"
    "memorysetup-bucket-allocator-bucket-count=8"
    "memorysetup-bucket-allocator-block-size=33554432"
    "memorysetup-bucket-allocator-block-count=8"
    "memorysetup-main-allocator-block-size=16777216"
    "memorysetup-thread-allocator-block-size=16777216"
    "memorysetup-gfx-main-allocator-block-size=16777216"
    "memorysetup-gfx-thread-allocator-block-size=16777216"
    "memorysetup-cache-allocator-block-size=4194304"
    "memorysetup-typetree-allocator-block-size=2097152"
    "memorysetup-profiler-bucket-allocator-granularity=16"
    "memorysetup-profiler-bucket-allocator-bucket-count=8"
    "memorysetup-profiler-bucket-allocator-block-size=33554432"
    "memorysetup-profiler-bucket-allocator-block-count=8"
    "memorysetup-profiler-allocator-block-size=16777216"
    "memorysetup-profiler-editor-allocator-block-size=1048576"
    "memorysetup-temp-allocator-size-main=16777216"
    "memorysetup-job-temp-allocator-block-size=2097152"
    "memorysetup-job-temp-allocator-block-size-background=1048576"
    "memorysetup-job-temp-allocator-reduction-small-platforms=262144"
    "memorysetup-temp-allocator-size-background-worker=32768"
    "memorysetup-temp-allocator-size-job-worker=262144"
    "memorysetup-temp-allocator-size-preload-manager=33554432"
    "memorysetup-temp-allocator-size-nav-mesh-worker=65536"
    "memorysetup-temp-allocator-size-audio-worker=65536"
    "memorysetup-temp-allocator-size-cloud-worker=32768"
    "memorysetup-temp-allocator-size-gi-baking-worker=262144"
    "memorysetup-temp-allocator-size-gfx=262144"
Player connection [13372] Host "[IP] 192.168.68.115 [Port] 0 [Flags] 2 [Guid] 767465121 [EditorId] 767465121 [Version] 1048832 [Id] WindowsEditor(7,MSI) [Debug] 1 [PackageName] WindowsEditor [ProjectName] Editor" joined multi-casting on [225.0.0.222:54997]...

Player connection [13372] Host "[IP] 192.168.68.115 [Port] 0 [Flags] 2 [Guid] 767465121 [EditorId] 767465121 [Version] 1048832 [Id] WindowsEditor(7,MSI) [Debug] 1 [PackageName] WindowsEditor [ProjectName] Editor" joined alternative multi-casting on [225.0.0.222:34997]...

Refreshing native plugins compatible for Editor in 56.69 ms, found 3 plugins.
Preloading 0 native plugins for Editor in 0.00 ms.
Initialize engine version: 2021.3.18f1 (3129e69bc0c7)
[Subsystems] Discovering subsystems at path C:/Program Files/Unity/Hub/Editor/2021.3.18f1/Editor/Data/Resources/UnitySubsystems
[Subsystems] Discovering subsystems at path C:/Users/joell/OneDrive/Desktop/ISA GIT/ISA/ISA Project/Assets
GfxDevice: creating device client; threaded=0; jobified=0
Direct3D:
    Version:  Direct3D 11.0 [level 11.1]
    Renderer: NVIDIA GeForce RTX 3070 Ti Laptop GPU (ID=0x24a0)
    Vendor:   NVIDIA
    VRAM:     8043 MB
    Driver:   30.0.15.1165
Initialize mono
Mono path[0] = 'C:/Program Files/Unity/Hub/Editor/2021.3.18f1/Editor/Data/Managed'
Mono path[1] = 'C:/Program Files/Unity/Hub/Editor/2021.3.18f1/Editor/Data/MonoBleedingEdge/lib/mono/unityjit-win32'
Mono config path = 'C:/Program Files/Unity/Hub/Editor/2021.3.18f1/Editor/Data/MonoBleedingEdge/etc'
Using monoOptions --debugger-agent=transport=dt_socket,embedding=1,server=y,suspend=n,address=127.0.0.1:56688
Begin MonoManager ReloadAssembly
Registering precompiled unity dll's ...
Register platform support module: C:/Program Files/Unity/Hub/Editor/2021.3.18f1/Editor/Data/PlaybackEngines/WindowsStandaloneSupport/UnityEditor.WindowsStandalone.Extensions.dll
Registered in 0.002374 seconds.
Native extension for WindowsStandalone target not found
Refreshing native plugins compatible for Editor in 46.24 ms, found 3 plugins.
Preloading 0 native plugins for Editor in 0.00 ms.
Mono: successfully reloaded assembly
- Completed reload, in  0.395 seconds
Domain Reload Profiling:
	ReloadAssembly (395ms)
		BeginReloadAssembly (47ms)
			ExecutionOrderSort (0ms)
			DisableScriptedObjects (0ms)
			BackupInstance (0ms)
			ReleaseScriptingObjects (0ms)
			CreateAndSetChildDomain (1ms)
		EndReloadAssembly (282ms)
			LoadAssemblies (46ms)
			RebuildTransferFunctionScriptingTraits (0ms)
			SetupTypeCache (64ms)
			ReleaseScriptCaches (0ms)
			RebuildScriptCaches (16ms)
			SetupLoadedEditorAssemblies (169ms)
				LogAssemblyErrors (0ms)
				InitializePlatformSupportModulesInManaged (5ms)
				SetLoadedEditorAssemblies (0ms)
				RefreshPlugins (46ms)
				BeforeProcessingInitializeOnLoad (1ms)
				ProcessInitializeOnLoadAttributes (88ms)
				ProcessInitializeOnLoadMethodAttributes (29ms)
				AfterProcessingInitializeOnLoad (0ms)
				EditorAssembliesLoaded (0ms)
			ExecutionOrderSort2 (0ms)
			AwakeInstancesAfterBackupRestoration (0ms)
Platform modules already initialized, skipping
Registering precompiled user dll's ...
Registered in 0.002648 seconds.
Begin MonoManager ReloadAssembly
Symbol file LoadedFromMemory doesn't match image C:\Users\joell\OneDrive\Desktop\ISA GIT\ISA\ISA Project\Library\PackageCache\com.unity.visualscripting@1.8.0\Editor\VisualScripting.Core\Dependencies\YamlDotNet\Unity.VisualScripting.YamlDotNet.dll
Symbol file LoadedFromMemory doesn't match image C:\Users\joell\OneDrive\Desktop\ISA GIT\ISA\ISA Project\Library\PackageCache\com.unity.visualscripting@1.8.0\Editor\VisualScripting.Core\Dependencies\DotNetZip\Unity.VisualScripting.IonicZip.dll
Native extension for WindowsStandalone target not found
Refreshing native plugins compatible for Editor in 0.37 ms, found 3 plugins.
Preloading 0 native plugins for Editor in 0.00 ms.
Mono: successfully reloaded assembly
- Completed reload, in  0.612 seconds
Domain Reload Profiling:
	ReloadAssembly (612ms)
		BeginReloadAssembly (69ms)
			ExecutionOrderSort (0ms)
			DisableScriptedObjects (4ms)
			BackupInstance (0ms)
			ReleaseScriptingObjects (0ms)
			CreateAndSetChildDomain (16ms)
		EndReloadAssembly (471ms)
			LoadAssemblies (48ms)
			RebuildTransferFunctionScriptingTraits (0ms)
			SetupTypeCache (156ms)
			ReleaseScriptCaches (0ms)
			RebuildScriptCaches (30ms)
			SetupLoadedEditorAssemblies (210ms)
				LogAssemblyErrors (0ms)
				InitializePlatformSupportModulesInManaged (3ms)
				SetLoadedEditorAssemblies (0ms)
				RefreshPlugins (0ms)
				BeforeProcessingInitializeOnLoad (48ms)
				ProcessInitializeOnLoadAttributes (143ms)
				ProcessInitializeOnLoadMethodAttributes (12ms)
				AfterProcessingInitializeOnLoad (4ms)
				EditorAssembliesLoaded (0ms)
			ExecutionOrderSort2 (0ms)
			AwakeInstancesAfterBackupRestoration (3ms)
Platform modules already initialized, skipping
========================================================================
Worker process is ready to serve import requests
Launched and connected shader compiler UnityShaderCompiler.exe after 0.03 seconds
Refreshing native plugins compatible for Editor in 0.34 ms, found 3 plugins.
Preloading 0 native plugins for Editor in 0.00 ms.
Unloading 3048 Unused Serialized files (Serialized files now loaded: 0)
Unloading 24 unused Assets / (113.8 KB). Loaded Objects now: 3511.
Memory consumption went from 108.3 MB to 108.2 MB.
Total: 2.238600 ms (FindLiveObjects: 0.162000 ms CreateObjectMapping: 0.068500 ms MarkObjects: 1.934300 ms  DeleteObjects: 0.073000 ms)

AssetImportParameters requested are different than current active one (requested -> active):
  custom:video-decoder-ogg-theora: a1e56fd34408186e4bbccfd4996cb3dc -> 
  custom:container-muxer-webm: aa71ff27fc2769a1b78a27578f13a17b -> 
  custom:container-demuxer-webm: 4f35f7cbe854078d1ac9338744f61a02 -> 
  custom:video-encoder-webm-vp8: eb34c28f22e8b96e1ab97ce403110664 -> 
  custom:audio-encoder-webm-vorbis: bf7c407c2cedff20999df2af8eb42d56 -> 
  custom:framework-win-MediaFoundation: 216162199b28c13a410421893ffa2e32 -> 
  custom:container-demuxer-ogg: 62fdf1f143b41e24485cea50d1cbac27 -> 
  custom:video-decoder-webm-vp8: 9c59270c3fd7afecdb556c50c9e8de78 -> 
  custom:audio-decoder-ogg-vorbis: bf7c407c2cedff20999df2af8eb42d56 -> 
========================================================================
Received Import Request.
  Time since last request: 683625.386666 seconds.
  path: Assets/Realistic_Bed/Prefab
  artifactKey: Guid(b9c6c3e9cea4aa242ae3294a0e234e5b) Importer(815301076,1909f56bfc062723c751e8b465ee728b)
Start importing Assets/Realistic_Bed/Prefab using Guid(b9c6c3e9cea4aa242ae3294a0e234e5b) Importer(815301076,1909f56bfc062723c751e8b465ee728b)  -> (artifact id: 'bbf602afe0b7430a90be52b63a1cef12') in 0.010937 seconds 
========================================================================
Received Import Request.
  Time since last request: 0.119490 seconds.
  path: Assets/Realistic_Bed/Prefab/Bed_Prefab.prefab
  artifactKey: Guid(be584151e13f7ac459ffd0815bcad512) Importer(815301076,1909f56bfc062723c751e8b465ee728b)
Start importing Assets/Realistic_Bed/Prefab/Bed_Prefab.prefab using Guid(be584151e13f7ac459ffd0815bcad512) Importer(815301076,1909f56bfc062723c751e8b465ee728b)  -> (artifact id: '550da4a81b52cab92ba897d0052f748f') in 0.213191 seconds 
========================================================================
Received Import Request.
  Time since last request: 8.662460 seconds.
  path: Assets/Realistic_Bed/Scene/Bedroom_demo.unity
  artifactKey: Guid(c712c750d80899741b867586d621b540) Importer(815301076,1909f56bfc062723c751e8b465ee728b)
Start importing Assets/Realistic_Bed/Scene/Bedroom_demo.unity using Guid(c712c750d80899741b867586d621b540) Importer(815301076,1909f56bfc062723c751e8b465ee728b)  -> (artifact id: '5a50fab8bfdd2ca7e7848086eb75704a') in 0.005326 seconds 
========================================================================
Received Import Request.
  Time since last request: 44.357488 seconds.
  path: Assets/Scenes/ISA Project.unity
  artifactKey: Guid(9fc0d4010bbf28b4594072e72b8655ab) Importer(815301076,1909f56bfc062723c751e8b465ee728b)
Start importing Assets/Scenes/ISA Project.unity using Guid(9fc0d4010bbf28b4594072e72b8655ab) Importer(815301076,1909f56bfc062723c751e8b465ee728b)  -> (artifact id: '53e8b4ecb2ce80be0b67752c561f7a22') in 0.003011 seconds 
========================================================================
Received Import Request.
  Time since last request: 9.323941 seconds.
  path: Assets/Realistic_Bed/Room/Textures/ceiling_diff.jpg
  artifactKey: Guid(38e6dffbe2b4b4944bcb023bcf1bcf56) Importer(815301076,1909f56bfc062723c751e8b465ee728b)
Start importing Assets/Realistic_Bed/Room/Textures/ceiling_diff.jpg using Guid(38e6dffbe2b4b4944bcb023bcf1bcf56) Importer(815301076,1909f56bfc062723c751e8b465ee728b)  -> (artifact id: '5f0e98650af2c375cf167d3af064e326') in 1.997828 seconds 
========================================================================
Received Import Request.
  Time since last request: 0.000041 seconds.
  path: Assets/Realistic_Bed/Room/Textures/wall_diff.jpg
  artifactKey: Guid(ddb8cea1f4ebea7499eda7c7909578a8) Importer(815301076,1909f56bfc062723c751e8b465ee728b)
Start importing Assets/Realistic_Bed/Room/Textures/wall_diff.jpg using Guid(ddb8cea1f4ebea7499eda7c7909578a8) Importer(815301076,1909f56bfc062723c751e8b465ee728b)  -> (artifact id: '1cf501ee31a8664c2f5fa1bb8631bf21') in 1.008440 seconds 
========================================================================
Received Import Request.
  Time since last request: 563.959140 seconds.
  path: Assets/Assets/Realistic_Bed
  artifactKey: Guid(84cf3952729661d48861b6df9c19d08c) Importer(815301076,1909f56bfc062723c751e8b465ee728b)
Start importing Assets/Assets/Realistic_Bed using Guid(84cf3952729661d48861b6df9c19d08c) Importer(815301076,1909f56bfc062723c751e8b465ee728b)  -> (artifact id: 'f0f8d90f611bc5f608a798076970dd20') in 0.008236 seconds 
========================================================================
Received Import Request.
  Time since last request: 5.428803 seconds.
  path: Assets/Assets/Bed
  artifactKey: Guid(84cf3952729661d48861b6df9c19d08c) Importer(815301076,1909f56bfc062723c751e8b465ee728b)
Start importing Assets/Assets/Bed using Guid(84cf3952729661d48861b6df9c19d08c) Importer(815301076,1909f56bfc062723c751e8b465ee728b)  -> (artifact id: 'c7c156cbc96c55a58e7455aaa574de15') in 0.009138 seconds 
========================================================================
Received Import Request.
  Time since last request: 3.044799 seconds.
  path: Assets/Assets/Bed/Bed/bed1.fbx
  artifactKey: Guid(605c806a9eb55da48bd5426a1633f9fb) Importer(815301076,1909f56bfc062723c751e8b465ee728b)
Start importing Assets/Assets/Bed/Bed/bed1.fbx using Guid(605c806a9eb55da48bd5426a1633f9fb) Importer(815301076,1909f56bfc062723c751e8b465ee728b)  -> (artifact id: '578419c3d8a9b60844de8b8c2fdfab8e') in 0.137119 seconds 
========================================================================
Received Import Request.
  Time since last request: 322.059217 seconds.
  path: Assets/Stylized Nature Environment/Nature/Materials/branch_tex.mat
  artifactKey: Guid(b8e82f7625bc35e45bc5d380532fa087) Importer(815301076,1909f56bfc062723c751e8b465ee728b)
Start importing Assets/Stylized Nature Environment/Nature/Materials/branch_tex.mat using Guid(b8e82f7625bc35e45bc5d380532fa087) Importer(815301076,1909f56bfc062723c751e8b465ee728b)  -> (artifact id: '4ee0a812317cadd18c0e83bfbbed03db') in 0.361934 seconds 
========================================================================
Received Import Request.
  Time since last request: 16.226497 seconds.
  path: Assets/Assets/Stylized Nature Environment
  artifactKey: Guid(6a752cf227630b14fbb65359dff95544) Importer(815301076,1909f56bfc062723c751e8b465ee728b)
Start importing Assets/Assets/Stylized Nature Environment using Guid(6a752cf227630b14fbb65359dff95544) Importer(815301076,1909f56bfc062723c751e8b465ee728b)  -> (artifact id: 'c9e8cbfb8f8630cd0edc8a86a3583f7a') in 0.009312 seconds 
========================================================================
Received Import Request.
  Time since last request: 5.271318 seconds.
  path: Assets/Assets/Nature
  artifactKey: Guid(6a752cf227630b14fbb65359dff95544) Importer(815301076,1909f56bfc062723c751e8b465ee728b)
Start importing Assets/Assets/Nature using Guid(6a752cf227630b14fbb65359dff95544) Importer(815301076,1909f56bfc062723c751e8b465ee728b)  -> (artifact id: '9ce8560c10b40b65d24d32ac443361a1') in 0.010349 seconds 
========================================================================
Received Import Request.
  Time since last request: 3.729073 seconds.
  path: Assets/Assets/Nature/Prefabs
  artifactKey: Guid(ff947399971270846a51cbe4829446ed) Importer(815301076,1909f56bfc062723c751e8b465ee728b)
Start importing Assets/Assets/Nature/Prefabs using Guid(ff947399971270846a51cbe4829446ed) Importer(815301076,1909f56bfc062723c751e8b465ee728b)  -> (artifact id: 'ffb3f378fdfa56ad29333e815ce0fe1e') in 0.001783 seconds 
========================================================================
Received Import Request.
  Time since last request: 0.119296 seconds.
  path: Assets/Assets/Nature/Prefabs/mountain.prefab
  artifactKey: Guid(229d7fab587866f4c9a74f4a8a1f4707) Importer(815301076,1909f56bfc062723c751e8b465ee728b)
Start importing Assets/Assets/Nature/Prefabs/mountain.prefab using Guid(229d7fab587866f4c9a74f4a8a1f4707) Importer(815301076,1909f56bfc062723c751e8b465ee728b)  -> (artifact id: '55e0a158d5c5d2db0b8d2c034afcb89d') in 0.182205 seconds 
========================================================================
Received Import Request.
  Time since last request: 0.000021 seconds.
  path: Assets/Assets/Nature/Prefabs/tree_j.prefab
  artifactKey: Guid(860cb32684b3a554ca851ba50a94d0cc) Importer(815301076,1909f56bfc062723c751e8b465ee728b)
Start importing Assets/Assets/Nature/Prefabs/tree_j.prefab using Guid(860cb32684b3a554ca851ba50a94d0cc) Importer(815301076,1909f56bfc062723c751e8b465ee728b)  -> (artifact id: '0eb4c760e37a0704b2d2ce40d74cb04e') in 0.137841 seconds 
========================================================================
Received Import Request.
  Time since last request: 22.584361 seconds.
  path: Assets/Assets/Nature/Nature/foliage01.psd
  artifactKey: Guid(fba874c609e587e4f8618336e5fa4e26) Importer(815301076,1909f56bfc062723c751e8b465ee728b)
Start importing Assets/Assets/Nature/Nature/foliage01.psd using Guid(fba874c609e587e4f8618336e5fa4e26) Importer(815301076,1909f56bfc062723c751e8b465ee728b)  -> (artifact id: 'f6623d33d1a057914d2678c6e46b03d8') in 0.059754 seconds 
========================================================================
Received Import Request.
  Time since last request: 0.000019 seconds.
  path: Assets/Assets/Nature/Nature/tree_i.fbx
  artifactKey: Guid(679834144b39ebb49bfc8566678cec1b) Importer(815301076,1909f56bfc062723c751e8b465ee728b)
Start importing Assets/Assets/Nature/Nature/tree_i.fbx using Guid(679834144b39ebb49bfc8566678cec1b) Importer(815301076,1909f56bfc062723c751e8b465ee728b)  -> (artifact id: '6e5b2437f166445d80b568ef430763b8') in 0.021306 seconds 
========================================================================
Received Import Request.
  Time since last request: 0.000019 seconds.
  path: Assets/Assets/Nature/Nature/tree_a.fbx
  artifactKey: Guid(d2bbfb4d2d8d8c549bbfc553b28464c4) Importer(815301076,1909f56bfc062723c751e8b465ee728b)
Start importing Assets/Assets/Nature/Nature/tree_a.fbx using Guid(d2bbfb4d2d8d8c549bbfc553b28464c4) Importer(815301076,1909f56bfc062723c751e8b465ee728b)  -> (artifact id: '4817decccc16de6d102175182d70a3c7') in 0.022552 seconds 
========================================================================
Received Import Request.
  Time since last request: 0.000039 seconds.
  path: Assets/Assets/Nature/Nature/foliage06.psd
  artifactKey: Guid(54e7a4a97b3ae0a41be74acb0b61f20c) Importer(815301076,1909f56bfc062723c751e8b465ee728b)
Start importing Assets/Assets/Nature/Nature/foliage06.psd using Guid(54e7a4a97b3ae0a41be74acb0b61f20c) Importer(815301076,1909f56bfc062723c751e8b465ee728b)  -> (artifact id: 'd29349c8a928d5de4dbfc5f5a967abf5') in 0.025702 seconds 
========================================================================
Received Import Request.
  Time since last request: 0.000021 seconds.
  path: Assets/Assets/Nature/Nature/tree_d.fbx
  artifactKey: Guid(0bd72e5f4b05a474496b3d6e952adbf8) Importer(815301076,1909f56bfc062723c751e8b465ee728b)
Start importing Assets/Assets/Nature/Nature/tree_d.fbx using Guid(0bd72e5f4b05a474496b3d6e952adbf8) Importer(815301076,1909f56bfc062723c751e8b465ee728b)  -> (artifact id: '0a5044c74f01ea3e1cf596953caa49e9') in 0.048031 seconds 
========================================================================
Received Import Request.
  Time since last request: 0.291039 seconds.
  path: Assets/Assets/Nature/PostProcessing Sample/Post-Processing Profile - Spring.asset
  artifactKey: Guid(a28b07d26b56b3b4e9156f194a72312c) Importer(815301076,1909f56bfc062723c751e8b465ee728b)
Start importing Assets/Assets/Nature/PostProcessing Sample/Post-Processing Profile - Spring.asset using Guid(a28b07d26b56b3b4e9156f194a72312c) Importer(815301076,1909f56bfc062723c751e8b465ee728b)  -> (artifact id: '0be45273bd5ecc5c440e5ae4e807085e') in 0.011279 seconds 
========================================================================
Received Import Request.
  Time since last request: 162.505860 seconds.
  path: Assets/Assets/FantasyEnvironments/Environments/Prefabs/Flower2.prefab
  artifactKey: Guid(9c47d3ce2208e9440ab03e7fe3e32bcf) Importer(815301076,1909f56bfc062723c751e8b465ee728b)
Start importing Assets/Assets/FantasyEnvironments/Environments/Prefabs/Flower2.prefab using Guid(9c47d3ce2208e9440ab03e7fe3e32bcf) Importer(815301076,1909f56bfc062723c751e8b465ee728b)  -> (artifact id: 'da80b1ac918b5bcd57bfc3f5b9e6f28f') in 0.164845 seconds 
========================================================================
Received Import Request.
  Time since last request: 0.000019 seconds.
  path: Assets/Assets/FantasyEnvironments/Environments/Prefabs/Mushroom1.prefab
  artifactKey: Guid(dea84a3662be77b4bad1db42d2b32262) Importer(815301076,1909f56bfc062723c751e8b465ee728b)
Start importing Assets/Assets/FantasyEnvironments/Environments/Prefabs/Mushroom1.prefab using Guid(dea84a3662be77b4bad1db42d2b32262) Importer(815301076,1909f56bfc062723c751e8b465ee728b)  -> (artifact id: 'fd4d0ce2f908a0bcde97a6687059e1f8') in 0.013388 seconds 
Editor requested this worker to shutdown with reason: Scaling down because of idle timeout
AssetImportWorker is now disconnected from the server
Process exiting
Exiting without the bug reporter. Application will terminate with return code 0