Using pre-set license
Built from '2021.3/staging' branch; Version is '2021.3.18f1 (3129e69bc0c7) revision 3221990'; Using compiler version '192829333'; Build Type 'Release'
OS: 'Windows 11  (10.0.22000) 64bit Core' Language: 'en' Physical Memory: 16088 MB
BatchMode: 1, IsHumanControllingUs: 0, StartBugReporterOnCrash: 0, Is64bit: 1, IsPro: 1

COMMAND LINE ARGUMENTS:
C:\Program Files\Unity\Hub\Editor\2021.3.18f1\Editor\Unity.exe
-adb2
-batchMode
-noUpm
-name
AssetImportWorker12
-projectPath
C:/Users/joell/OneDrive/Desktop/ISA GIT/ISA/ISA Project
-logFile
Logs/AssetImportWorker12.log
-srvPort
63287
Successfully changed project path to: C:/Users/joell/OneDrive/Desktop/ISA GIT/ISA/ISA Project
C:/Users/joell/OneDrive/Desktop/ISA GIT/ISA/ISA Project
[UnityMemory] Configuration Parameters - Can be set up in boot.config
    "memorysetup-bucket-allocator-granularity=16"
    "memorysetup-bucket-allocator-bucket-count=8"
    "memorysetup-bucket-allocator-block-size=33554432"
    "memorysetup-bucket-allocator-block-count=8"
    "memorysetup-main-allocator-block-size=16777216"
    "memorysetup-thread-allocator-block-size=16777216"
    "memorysetup-gfx-main-allocator-block-size=16777216"
    "memorysetup-gfx-thread-allocator-block-size=16777216"
    "memorysetup-cache-allocator-block-size=4194304"
    "memorysetup-typetree-allocator-block-size=2097152"
    "memorysetup-profiler-bucket-allocator-granularity=16"
    "memorysetup-profiler-bucket-allocator-bucket-count=8"
    "memorysetup-profiler-bucket-allocator-block-size=33554432"
    "memorysetup-profiler-bucket-allocator-block-count=8"
    "memorysetup-profiler-allocator-block-size=16777216"
    "memorysetup-profiler-editor-allocator-block-size=1048576"
    "memorysetup-temp-allocator-size-main=16777216"
    "memorysetup-job-temp-allocator-block-size=2097152"
    "memorysetup-job-temp-allocator-block-size-background=1048576"
    "memorysetup-job-temp-allocator-reduction-small-platforms=262144"
    "memorysetup-temp-allocator-size-background-worker=32768"
    "memorysetup-temp-allocator-size-job-worker=262144"
    "memorysetup-temp-allocator-size-preload-manager=33554432"
    "memorysetup-temp-allocator-size-nav-mesh-worker=65536"
    "memorysetup-temp-allocator-size-audio-worker=65536"
    "memorysetup-temp-allocator-size-cloud-worker=32768"
    "memorysetup-temp-allocator-size-gi-baking-worker=262144"
    "memorysetup-temp-allocator-size-gfx=262144"
Player connection [30716] Host "[IP] 192.168.68.115 [Port] 0 [Flags] 2 [Guid] 3903535128 [EditorId] 3903535128 [Version] 1048832 [Id] WindowsEditor(7,MSI) [Debug] 1 [PackageName] WindowsEditor [ProjectName] Editor" joined multi-casting on [225.0.0.222:54997]...

Player connection [30716] Host "[IP] 192.168.68.115 [Port] 0 [Flags] 2 [Guid] 3903535128 [EditorId] 3903535128 [Version] 1048832 [Id] WindowsEditor(7,MSI) [Debug] 1 [PackageName] WindowsEditor [ProjectName] Editor" joined alternative multi-casting on [225.0.0.222:34997]...

Refreshing native plugins compatible for Editor in 48.08 ms, found 3 plugins.
Preloading 0 native plugins for Editor in 0.00 ms.
Initialize engine version: 2021.3.18f1 (3129e69bc0c7)
[Subsystems] Discovering subsystems at path C:/Program Files/Unity/Hub/Editor/2021.3.18f1/Editor/Data/Resources/UnitySubsystems
[Subsystems] Discovering subsystems at path C:/Users/joell/OneDrive/Desktop/ISA GIT/ISA/ISA Project/Assets
GfxDevice: creating device client; threaded=0; jobified=0
Direct3D:
    Version:  Direct3D 11.0 [level 11.1]
    Renderer: NVIDIA GeForce RTX 3070 Ti Laptop GPU (ID=0x24a0)
    Vendor:   NVIDIA
    VRAM:     8043 MB
    Driver:   30.0.15.1165
Initialize mono
Mono path[0] = 'C:/Program Files/Unity/Hub/Editor/2021.3.18f1/Editor/Data/Managed'
Mono path[1] = 'C:/Program Files/Unity/Hub/Editor/2021.3.18f1/Editor/Data/MonoBleedingEdge/lib/mono/unityjit-win32'
Mono config path = 'C:/Program Files/Unity/Hub/Editor/2021.3.18f1/Editor/Data/MonoBleedingEdge/etc'
Using monoOptions --debugger-agent=transport=dt_socket,embedding=1,server=y,suspend=n,address=127.0.0.1:56132
Begin MonoManager ReloadAssembly
Registering precompiled unity dll's ...
Register platform support module: C:/Program Files/Unity/Hub/Editor/2021.3.18f1/Editor/Data/PlaybackEngines/WindowsStandaloneSupport/UnityEditor.WindowsStandalone.Extensions.dll
Registered in 0.002424 seconds.
Native extension for WindowsStandalone target not found
Refreshing native plugins compatible for Editor in 46.71 ms, found 3 plugins.
Preloading 0 native plugins for Editor in 0.00 ms.
Mono: successfully reloaded assembly
- Completed reload, in  0.394 seconds
Domain Reload Profiling:
	ReloadAssembly (395ms)
		BeginReloadAssembly (46ms)
			ExecutionOrderSort (0ms)
			DisableScriptedObjects (0ms)
			BackupInstance (0ms)
			ReleaseScriptingObjects (0ms)
			CreateAndSetChildDomain (1ms)
		EndReloadAssembly (283ms)
			LoadAssemblies (45ms)
			RebuildTransferFunctionScriptingTraits (0ms)
			SetupTypeCache (64ms)
			ReleaseScriptCaches (0ms)
			RebuildScriptCaches (17ms)
			SetupLoadedEditorAssemblies (170ms)
				LogAssemblyErrors (0ms)
				InitializePlatformSupportModulesInManaged (4ms)
				SetLoadedEditorAssemblies (0ms)
				RefreshPlugins (47ms)
				BeforeProcessingInitializeOnLoad (1ms)
				ProcessInitializeOnLoadAttributes (89ms)
				ProcessInitializeOnLoadMethodAttributes (29ms)
				AfterProcessingInitializeOnLoad (0ms)
				EditorAssembliesLoaded (0ms)
			ExecutionOrderSort2 (0ms)
			AwakeInstancesAfterBackupRestoration (0ms)
Platform modules already initialized, skipping
Registering precompiled user dll's ...
Registered in 0.002716 seconds.
Begin MonoManager ReloadAssembly
Symbol file LoadedFromMemory doesn't match image C:\Users\joell\OneDrive\Desktop\ISA GIT\ISA\ISA Project\Library\PackageCache\com.unity.visualscripting@1.8.0\Editor\VisualScripting.Core\Dependencies\YamlDotNet\Unity.VisualScripting.YamlDotNet.dll
Symbol file LoadedFromMemory doesn't match image C:\Users\joell\OneDrive\Desktop\ISA GIT\ISA\ISA Project\Library\PackageCache\com.unity.visualscripting@1.8.0\Editor\VisualScripting.Core\Dependencies\DotNetZip\Unity.VisualScripting.IonicZip.dll
Native extension for WindowsStandalone target not found
Refreshing native plugins compatible for Editor in 0.35 ms, found 3 plugins.
Preloading 0 native plugins for Editor in 0.00 ms.
Mono: successfully reloaded assembly
- Completed reload, in  0.614 seconds
Domain Reload Profiling:
	ReloadAssembly (615ms)
		BeginReloadAssembly (69ms)
			ExecutionOrderSort (0ms)
			DisableScriptedObjects (4ms)
			BackupInstance (0ms)
			ReleaseScriptingObjects (0ms)
			CreateAndSetChildDomain (15ms)
		EndReloadAssembly (472ms)
			LoadAssemblies (47ms)
			RebuildTransferFunctionScriptingTraits (0ms)
			SetupTypeCache (158ms)
			ReleaseScriptCaches (0ms)
			RebuildScriptCaches (30ms)
			SetupLoadedEditorAssemblies (211ms)
				LogAssemblyErrors (0ms)
				InitializePlatformSupportModulesInManaged (3ms)
				SetLoadedEditorAssemblies (0ms)
				RefreshPlugins (0ms)
				BeforeProcessingInitializeOnLoad (48ms)
				ProcessInitializeOnLoadAttributes (143ms)
				ProcessInitializeOnLoadMethodAttributes (12ms)
				AfterProcessingInitializeOnLoad (3ms)
				EditorAssembliesLoaded (0ms)
			ExecutionOrderSort2 (0ms)
			AwakeInstancesAfterBackupRestoration (4ms)
Platform modules already initialized, skipping
========================================================================
Worker process is ready to serve import requests
Launched and connected shader compiler UnityShaderCompiler.exe after 0.03 seconds
Refreshing native plugins compatible for Editor in 0.38 ms, found 3 plugins.
Preloading 0 native plugins for Editor in 0.00 ms.
Unloading 3048 Unused Serialized files (Serialized files now loaded: 0)
Unloading 24 unused Assets / (113.8 KB). Loaded Objects now: 3511.
Memory consumption went from 108.3 MB to 108.2 MB.
Total: 2.070000 ms (FindLiveObjects: 0.160700 ms CreateObjectMapping: 0.073800 ms MarkObjects: 1.759400 ms  DeleteObjects: 0.075400 ms)

AssetImportParameters requested are different than current active one (requested -> active):
  custom:video-decoder-ogg-theora: a1e56fd34408186e4bbccfd4996cb3dc -> 
  custom:container-muxer-webm: aa71ff27fc2769a1b78a27578f13a17b -> 
  custom:container-demuxer-webm: 4f35f7cbe854078d1ac9338744f61a02 -> 
  custom:video-encoder-webm-vp8: eb34c28f22e8b96e1ab97ce403110664 -> 
  custom:audio-encoder-webm-vorbis: bf7c407c2cedff20999df2af8eb42d56 -> 
  custom:framework-win-MediaFoundation: 216162199b28c13a410421893ffa2e32 -> 
  custom:container-demuxer-ogg: 62fdf1f143b41e24485cea50d1cbac27 -> 
  custom:video-decoder-webm-vp8: 9c59270c3fd7afecdb556c50c9e8de78 -> 
  custom:audio-decoder-ogg-vorbis: bf7c407c2cedff20999df2af8eb42d56 -> 
========================================================================
Received Import Request.
  Time since last request: 683625.520941 seconds.
  path: Assets/Realistic_Bed/Prefab/Bedroom_prefab.prefab
  artifactKey: Guid(986bfd2cdf13b6a44b48955673d469f5) Importer(815301076,1909f56bfc062723c751e8b465ee728b)
Start importing Assets/Realistic_Bed/Prefab/Bedroom_prefab.prefab using Guid(986bfd2cdf13b6a44b48955673d469f5) Importer(815301076,1909f56bfc062723c751e8b465ee728b)  -> (artifact id: '2cc0aad91a730e230345a73909c1aa79') in 0.112892 seconds 
========================================================================
Received Import Request.
  Time since last request: 62.473470 seconds.
  path: Assets/Realistic_Bed/Room/Textures/floor_spec.png
  artifactKey: Guid(f43f30208a1f3fb4c8235e6919a009ba) Importer(815301076,1909f56bfc062723c751e8b465ee728b)
Start importing Assets/Realistic_Bed/Room/Textures/floor_spec.png using Guid(f43f30208a1f3fb4c8235e6919a009ba) Importer(815301076,1909f56bfc062723c751e8b465ee728b)  -> (artifact id: 'bf7212863e336d8f35addd811d3bd2ad') in 1.973675 seconds 
========================================================================
Received Import Request.
  Time since last request: 0.000029 seconds.
  path: Assets/Realistic_Bed/Room/Textures/wood_diff.jpg
  artifactKey: Guid(ec2859900169cfa49a7ed525acef483b) Importer(815301076,1909f56bfc062723c751e8b465ee728b)
Start importing Assets/Realistic_Bed/Room/Textures/wood_diff.jpg using Guid(ec2859900169cfa49a7ed525acef483b) Importer(815301076,1909f56bfc062723c751e8b465ee728b)  -> (artifact id: '56b19a3cfd3f715ac0d8089197b3ac69') in 1.058771 seconds 
========================================================================
Received Import Request.
  Time since last request: 894.615349 seconds.
  path: Assets/Stylized Nature Environment/Nature/Materials/Default.mat
  artifactKey: Guid(2772c74f6361879409221eb29b573be7) Importer(815301076,1909f56bfc062723c751e8b465ee728b)
Start importing Assets/Stylized Nature Environment/Nature/Materials/Default.mat using Guid(2772c74f6361879409221eb29b573be7) Importer(815301076,1909f56bfc062723c751e8b465ee728b)  -> (artifact id: '3873ccd7beb42a57dc82fcd1ec58ff6d') in 0.187194 seconds 
========================================================================
Received Import Request.
  Time since last request: 0.000024 seconds.
  path: Assets/Stylized Nature Environment/Terrain/Materials/No Name.mat
  artifactKey: Guid(46b17756ef59af947b671bea2ffaf28f) Importer(815301076,1909f56bfc062723c751e8b465ee728b)
Start importing Assets/Stylized Nature Environment/Terrain/Materials/No Name.mat using Guid(46b17756ef59af947b671bea2ffaf28f) Importer(815301076,1909f56bfc062723c751e8b465ee728b)  -> (artifact id: 'b5dd813230eee0ec1566861cf4567f5a') in 0.024138 seconds 
========================================================================
Received Import Request.
  Time since last request: 0.000034 seconds.
  path: Assets/Stylized Nature Environment/Terrain/Materials/mesh_low.mat
  artifactKey: Guid(613f2e7f11141b2479247ff90747ad4b) Importer(815301076,1909f56bfc062723c751e8b465ee728b)
Start importing Assets/Stylized Nature Environment/Terrain/Materials/mesh_low.mat using Guid(613f2e7f11141b2479247ff90747ad4b) Importer(815301076,1909f56bfc062723c751e8b465ee728b)  -> (artifact id: '400fc97cda66732ea7618c4530b30fee') in 0.016040 seconds 
========================================================================
Received Import Request.
  Time since last request: 0.000017 seconds.
  path: Assets/Stylized Nature Environment/Terrain/Materials/mountain.mat
  artifactKey: Guid(83e6d72a3cb722f4dacf83805211b57b) Importer(815301076,1909f56bfc062723c751e8b465ee728b)
Start importing Assets/Stylized Nature Environment/Terrain/Materials/mountain.mat using Guid(83e6d72a3cb722f4dacf83805211b57b) Importer(815301076,1909f56bfc062723c751e8b465ee728b)  -> (artifact id: 'd2f14d52d4890fea91b09cab79abe6ab') in 0.161076 seconds 
========================================================================
Received Import Request.
  Time since last request: 25.340850 seconds.
  path: Assets/Assets/Nature/Prefabs/sky.prefab
  artifactKey: Guid(ce1c47babe5679143b24221e8878c4dd) Importer(815301076,1909f56bfc062723c751e8b465ee728b)
Start importing Assets/Assets/Nature/Prefabs/sky.prefab using Guid(ce1c47babe5679143b24221e8878c4dd) Importer(815301076,1909f56bfc062723c751e8b465ee728b)  -> (artifact id: '67c141faf767a21e4b73fe6f3d173eab') in 0.072775 seconds 
========================================================================
Received Import Request.
  Time since last request: 0.000019 seconds.
  path: Assets/Assets/Nature/Prefabs/tree_d.prefab
  artifactKey: Guid(234f6fb2a7141ac4babed013ec52d294) Importer(815301076,1909f56bfc062723c751e8b465ee728b)
Start importing Assets/Assets/Nature/Prefabs/tree_d.prefab using Guid(234f6fb2a7141ac4babed013ec52d294) Importer(815301076,1909f56bfc062723c751e8b465ee728b)  -> (artifact id: '98dc26e588e06eb33874f60abb017853') in 0.346872 seconds 
========================================================================
Received Import Request.
  Time since last request: 22.484313 seconds.
  path: Assets/Assets/Nature/Nature/foliage02.psd
  artifactKey: Guid(0926a7c3dcfd7de44bf3ddd000f5b798) Importer(815301076,1909f56bfc062723c751e8b465ee728b)
Start importing Assets/Assets/Nature/Nature/foliage02.psd using Guid(0926a7c3dcfd7de44bf3ddd000f5b798) Importer(815301076,1909f56bfc062723c751e8b465ee728b)  -> (artifact id: 'e97eb30c04614b92894a123bbce9e6da') in 0.060071 seconds 
========================================================================
Received Import Request.
  Time since last request: 0.000018 seconds.
  path: Assets/Assets/Nature/Nature/tree_f.fbx
  artifactKey: Guid(d6390f08259b01b48ab6f39baec54113) Importer(815301076,1909f56bfc062723c751e8b465ee728b)
Start importing Assets/Assets/Nature/Nature/tree_f.fbx using Guid(d6390f08259b01b48ab6f39baec54113) Importer(815301076,1909f56bfc062723c751e8b465ee728b)  -> (artifact id: '1e1bc1604c61bfd8789eb47704132329') in 0.029972 seconds 
========================================================================
Received Import Request.
  Time since last request: 0.000020 seconds.
  path: Assets/Assets/Nature/Nature/tree_j.fbx
  artifactKey: Guid(cceb57b1fea70c94eb2be2c988604e75) Importer(815301076,1909f56bfc062723c751e8b465ee728b)
Start importing Assets/Assets/Nature/Nature/tree_j.fbx using Guid(cceb57b1fea70c94eb2be2c988604e75) Importer(815301076,1909f56bfc062723c751e8b465ee728b)  -> (artifact id: '453386b0b148c3c6f79678aafc92f6b5') in 0.019631 seconds 
========================================================================
Received Import Request.
  Time since last request: 0.000036 seconds.
  path: Assets/Assets/Nature/Nature/tree_c.fbx
  artifactKey: Guid(b2fbf33844166f447875af48fb38d3dc) Importer(815301076,1909f56bfc062723c751e8b465ee728b)
Start importing Assets/Assets/Nature/Nature/tree_c.fbx using Guid(b2fbf33844166f447875af48fb38d3dc) Importer(815301076,1909f56bfc062723c751e8b465ee728b)  -> (artifact id: '86e8ddd6b8db0fa426ed3e7a04bbe825') in 0.061570 seconds 
========================================================================
Received Import Request.
  Time since last request: 0.000023 seconds.
  path: Assets/Assets/Nature/Nature/tree_e.fbx
  artifactKey: Guid(485b51d42c0c5b345a5850f12dd97eb4) Importer(815301076,1909f56bfc062723c751e8b465ee728b)
Start importing Assets/Assets/Nature/Nature/tree_e.fbx using Guid(485b51d42c0c5b345a5850f12dd97eb4) Importer(815301076,1909f56bfc062723c751e8b465ee728b)  -> (artifact id: 'dbf19200c1432fb99a1ac9edba9262a8') in 0.059308 seconds 
Editor requested this worker to shutdown with reason: Scaling down because of idle timeout
AssetImportWorker is now disconnected from the server
Process exiting
Exiting without the bug reporter. Application will terminate with return code 0